=====================
K = 17
BestFitness	Seconds
189	1
189	2
182	3
174	4
174	5
174	6
174	7
171	8
171	9
171	10
171	11
171	12
170	12
170	13
167	14
163	15
163	16
163	17
163	18
155	19
155	20
155	20
155	21
155	22
155	23
146	24
146	25
146	26
146	27
146	28
143	29
136	29
136	30
134	31
128	32
119	33
119	34
119	34
110	35
110	36
110	37
106	37
106	38
99	39
97	40
97	40
93	41
89	41
86	42
79	43
74	43
63	44
58	44
44	45
36	45
29	46
25	46
16	47
8	47
2	47
2	47
1	47
1	48
0	48
48 seconds, 64 generations
=====================
=====================
K = 16
BestFitness	Seconds
230	2
227	3
217	4
217	5
217	6
217	7
211	8
211	9
211	10
211	11
210	12
208	13
198	14
198	15
198	16
198	17
188	18
188	18
188	19
188	20
188	21
184	22
184	23
178	24
167	25
167	26
160	27
160	27
146	28
146	29
144	30
144	31
135	32
123	32
103	33
103	34
100	35
87	35
80	36
66	37
52	37
37	38
19	38
6	38
6	39
2	39
0	39
39 seconds, 47 generations
=====================
=====================
K = 15
BestFitness	Seconds
267	1
267	2
266	3
265	4
264	5
261	6
261	7
261	8
259	9
251	10
251	11
251	12
251	13
247	14
247	15
244	16
244	17
244	17
235	18
233	19
233	20
233	21
233	22
218	23
218	24
218	25
218	26
207	26
207	27
207	28
204	29
197	30
197	31
197	32
197	33
196	34
196	35
166	36
166	36
166	37
166	38
166	39
166	40
140	40
140	41
140	42
140	43
120	43
112	44
104	45
98	45
98	46
37	47
37	47
33	48
23	48
22	49
7	49
7	49
2	50
2	50
0	50
50 seconds, 62 generations
=====================
=====================
K = 14
BestFitness	Seconds
326	2
325	3
324	4
316	5
316	6
316	7
313	8
311	9
310	10
307	11
305	12
305	13
305	14
305	15
298	16
298	17
297	17
297	18
297	19
292	20
286	21
286	22
284	23
284	24
279	25
272	26
272	27
260	28
260	29
255	29
255	30
252	31
246	32
246	33
246	34
244	35
241	35
241	36
218	37
218	38
218	38
199	39
189	40
189	41
189	42
181	43
181	43
177	44
173	45
170	46
170	46
159	47
152	48
133	48
133	49
133	50
133	50
133	51
133	51
129	52
129	53
127	53
127	54
122	54
120	54
117	55
117	55
111	56
111	56
111	57
111	57
104	58
104	58
104	58
104	59
104	59
103	59
103	60
101	60
101	60
101	61
101	61
101	61
101	61
101	62
101	62
101	62
101	62
101	63
101	63
101	63
101	63
101	64
101	64
101	64
101	64
101	65
101	65
101	65
101	65
101	66
101	66
101	66
101	66
101	67
101	67
101	67
101	67
101	68
101	68
101	68
101	68
101	68
101	69
101	69
101	69
101	69
101	70
101	70
101	70
101	70
101	70
101	71
101	71
101	71
101	71
101	71
101	72
101	72
101	72
101	72
101	72
101	73
101	73
101	73
101	73
101	73
101	74
101	74
101	74
101	74
101	74
101	74
101	75
101	75
101	75
101	75
101	75
101	76
101	76
101	76
101	76
101	76
101	77
101	77
101	77
101	77
101	77
101	77
101	78
101	78
101	78
101	78
101	78
101	79
101	79
101	79
101	79
101	79
101	80
101	80
101	80
101	80
101	80
101	81
101	81
101	81
101	81
101	81
101	82
101	82
101	82
101	82
101	82
101	82
101	83
101	83
101	83
101	83
101	83
101	84
101	84
101	84
101	84
101	84
101	85
101	85
101	85
101	85
101	85
101	85
101	86
101	86
101	86
101	86
101	86
101	86
101	87
101	87
101	87
101	87
101	87
101	88
101	88
101	88
101	88
101	88
101	88
101	89
101	89
101	89
101	89
101	89
101	90
101	90
101	90
101	90
101	90
101	91
101	91
101	91
101	91
101	91
101	91
101	92
101	92
101	92
101	92
101	92
101	92
101	93
101	93
101	93
101	93
101	93
101	93
101	94
101	94
101	94
101	94
101	94
101	94
101	95
101	95
101	95
101	95
101	95
101	96
101	96
101	96
101	96
101	96
101	96
101	97
101	97
101	97
101	97
101	97
101	97
101	98
101	98
101	98
101	98
101	98
101	98
101	98
101	99
101	99
101	99
101	99
101	99
101	99
101	100
101	100
101	100
101	100
101	100
101	100
101	101
101	101
101	101
101	101
101	101
101	101
101	101
101	102
101	102
101	102
101	102
101	102
101	102
101	103
101	103
101	103
101	103
101	103
101	103
101	103
101	104
101	104
101	104
101	104
101	104
101	104
101	105
101	105
101	105
101	105
101	105
101	105
101	106
101	106
101	106
101	106
101	106
101	106
101	107
101	107
101	107
101	107
101	107
101	107
101	107
101	108
101	108
101	108
101	108
101	108
101	108
101	109
101	109
101	109
101	109
101	109
101	109
101	110
101	110
101	110
101	110
101	110
101	110
101	110
101	111
101	111
101	111
101	111
101	111
101	111
101	112
101	112
101	112
101	112
101	112
101	112
101	113
101	113
101	113
101	113
101	113
101	113
101	114
101	114
101	114
101	114
101	114
101	114
101	114
101	115
101	115
101	115
101	115
101	115
101	115
101	116
101	116
101	116
101	116
101	116
101	116
101	117
101	117
101	117
101	117
101	117
101	117
101	118
101	118
101	118
101	118
101	118
101	118
101	118
101	119
101	119
101	119
101	119
101	119
101	119
101	120
101	120
101	120
101	120
101	120
101	120
101	120
101	121
101	121
101	121
101	121
101	121
101	121
101	122
101	122
101	122
101	122
101	122
101	122
101	122
101	123
101	123
101	123
101	123
101	123
101	123
101	124
101	124
101	124
101	124
101	124
101	124
101	124
101	125
101	125
101	125
101	125
101	125
101	125
101	125
101	126
101	126
101	126
101	126
101	126
101	126
101	127
101	127
101	127
101	127
101	127
101	127
101	127
101	128
101	128
101	128
101	128
101	128
101	128
101	128
101	129
101	129
101	129
101	129
101	129
101	129
101	130
101	130
101	130
101	130
101	130
101	130
101	130
101	131
101	131
101	131
101	131
101	131
101	131
101	132
101	132
101	132
101	132
101	132
101	132
101	132
101	133
101	133
101	133
101	133
101	133
101	133
101	133
101	134
101	134
101	134
101	134
101	134
101	134
101	135
101	135
101	135
101	135
101	135
101	135
101	136
101	136
101	136
101	136
101	136
101	136
101	136
101	137
101	137
101	137
101	137
101	137
101	137
101	138
101	138
101	138
101	138
101	138
101	138
101	138
101	139
101	139
101	139
101	139
101	139
101	139
101	139
101	140
101	140
101	140
101	140
101	140
101	140
101	141
101	141
101	141
101	141
101	141
101	141
101	141
101	142
101	142
101	142
101	142
101	142
101	142
101	142
101	143
101	143
101	143
101	143
101	143
101	143
101	144
101	144
101	144
101	144
101	144
101	144
101	144
101	145
101	145
101	145
101	145
101	145
101	145
101	145
101	146
101	146
101	146
101	146
101	146
101	146
101	147
101	147
101	147
101	147
101	147
101	147
101	147
101	148
101	148
101	148
101	148
101	148
101	148
101	149
101	149
101	149
101	149
101	149
101	149
101	149
101	150
101	150
101	150
101	150
101	150
101	150
101	150
101	151
101	151
101	151
101	151
101	151
101	151
101	152
101	152
101	152
101	152
101	152
101	152
101	152
101	153
101	153
101	153
101	153
101	153
101	153
101	153
101	154
101	154
101	154
101	154
101	154
101	154
101	155
101	155
101	155
101	155
101	155
101	155
101	155
101	156
101	156
101	156
101	156
101	156
101	156
101	157
101	157
101	157
101	157
101	157
101	157
101	157
101	158
101	158
101	158
101	158
101	158
101	158
101	158
101	159
101	159
101	159
101	159
101	159
101	159
101	160
101	160
101	160
101	160
101	160
101	160
101	160
101	161
101	161
101	161
101	161
101	161
101	161
101	162
101	162
101	162
101	162
101	162
101	162
101	162
101	163
101	163
101	163
101	163
101	163
101	163
101	164
101	164
101	164
101	164
101	164
101	164
101	164
101	165
101	165
101	165
101	165
101	165
101	165
101	166
101	166
101	166
101	166
101	166
101	166
101	166
101	167
101	167
101	167
101	167
101	167
101	167
101	167
101	168
101	168
101	168
101	168
101	168
101	168
101	169
101	169
101	169
101	169
101	169
101	169
101	169
101	170
101	170
101	170
101	170
101	170
101	170
101	171
101	171
101	171
101	171
101	171
101	171
101	171
101	172
101	172
101	172
101	172
101	172
101	172
101	173
101	173
101	173
101	173
101	173
101	173
101	173
101	174
101	174
101	174
101	174
101	174
101	174
101	175
101	175
101	175
101	175
101	175
101	175
101	175
101	176
101	176
101	176
101	176
101	176
101	176
101	177
101	177
101	177
101	177
101	177
101	177
101	177
101	178
101	178
101	178
101	178
101	178
101	178
101	179
101	179
101	179
101	179
101	179
101	179
101	179
101	180
101	180
101	180
101	180
101	180
101	181
101	181
101	181
101	181
101	181
101	181
101	182
101	182
101	182
101	182
101	182
101	182
101	183
101	183
101	183
101	183
101	183
101	183
101	184
101	184
101	184
101	184
101	184
101	184
101	185
101	185
101	185
101	185
101	185
101	185
101	185
101	186
101	186
101	186
101	186
101	186
101	186
101	187
101	187
101	187
101	187
101	187
101	187
101	187
101	188
101	188
101	188
101	188
101	188
101	188
101	189
101	189
101	189
101	189
101	189
101	189
101	190
101	190
101	190
101	190
101	190
101	190
101	190
101	191
101	191
101	191
101	191
101	191
101	191
101	192
101	192
101	192
101	192
101	192
101	192
101	192
101	193
101	193
101	193
101	193
101	193
101	193
101	194
101	194
101	194
101	194
101	194
101	194
101	194
101	195
101	195
101	195
101	195
101	195
101	195
101	196
101	196
101	196
101	196
101	196
101	196
101	197
101	197
101	197
101	197
101	197
101	197
101	197
101	198
101	198
101	198
101	198
101	198
101	198
101	199
101	199
101	199
101	199
101	199
101	199
101	199
101	200
101	200
101	200
101	200
101	200
101	200
101	200
101	201
101	201
101	201
101	201
101	201
101	201
101	201
101	202
101	202
101	202
101	202
101	202
101	202
101	202
101	203
101	203
101	203
101	203
101	203
101	203
101	204
101	204
101	204
101	204
101	204
101	204
101	204
101	204
101	205
101	205
101	205
101	205
101	205
101	205
101	205
101	206
101	206
101	206
101	206
101	206
101	206
101	206
101	207
101	207
101	207
101	207
101	207
101	207
101	207
101	207
101	208
101	208
101	208
101	208
101	208
101	208
101	208
101	209
101	209
101	209
101	209
101	209
101	209
101	210
101	210
101	210
101	210
101	210
101	210
101	210
101	211
101	211
101	211
101	211
101	211
101	211
101	211
101	212
101	212
101	212
101	212
101	212
101	212
101	212
101	212
101	213
101	213
101	213
101	213
101	213
101	213
101	213
101	214
101	214
101	214
101	214
101	214
101	214
101	214
101	215
101	215
101	215
101	215
101	215
101	215
101	215
101	216
101	216
101	216
101	216
101	216
101	216
101	216
101	217
101	217
101	217
101	217
101	217
101	217
101	217
101	217
101	218
101	218
101	218
101	218
101	218
101	218
101	218
101	219
101	219
101	219
101	219
101	219
101	219
101	219
101	220
101	220
101	220
101	220
101	220
101	220
101	220
101	221
101	221
101	221
101	221
101	221
101	221
101	221
101	222
101	222
101	222
101	222
101	222
101	222
101	222
101	223
101	223
101	223
101	223
101	223
101	223
101	223
101	224
101	224
101	224
101	224
101	224
101	224
101	224
101	225
101	225
101	225
101	225
101	225
101	225
101	225
101	226
101	226
101	226
101	226
101	226
101	226
101	226
101	227
101	227
101	227
101	227
101	227
101	227
101	228
101	228
101	228
101	228
101	228
101	228
101	229
101	229
101	229
101	229
101	229
101	229
101	230
101	230
101	230
101	230
101	230
101	231
101	231
101	231
101	231
101	231
101	231
101	232
101	232
101	232
101	232
101	232
101	232
101	233
101	233
101	233
101	233
101	234
101	234
101	234
101	234
101	234
101	234
101	235
101	235
101	235
101	235
101	235
101	235
101	236
101	236
101	236
101	236
101	236
101	236
101	237
101	237
101	237
101	237
101	237
101	237
101	238
101	238
101	238
101	238
101	238
101	238
101	239
101	239
101	239
101	239
101	239
101	239
101	239
101	240
101	240
101	240
101	240
101	240
101	240
101	241
101	241
101	241
101	241
101	241
101	242
101	242
101	242
101	242
101	242
101	242
101	243
101	243
101	243
101	243
101	243
101	243
101	244
101	244
101	244
101	244
101	244
101	244
101	245
101	245
101	245
101	245
101	245
101	245
101	246
101	246
101	246
101	246
101	246
101	247
101	247
101	247
101	247
101	247
101	247
101	248
101	248
101	248
101	248
101	248
101	248
101	248
101	249
101	249
101	249
101	249
101	249
101	249
101	250
101	250
101	250
101	250
101	250
101	250
101	251
101	251
101	251
101	251
101	251
101	251
101	252
101	252
101	252
101	252
101	252
101	252
101	253
101	253
101	253
101	253
101	253
101	253
101	254
101	254
101	254
101	254
101	254
101	254
101	255
101	255
101	255
101	255
101	255
101	255
101	256
101	256
101	256
101	256
101	256
101	256
101	257
101	257
101	257
101	257
101	257
101	257
101	257
101	258
101	258
101	258
101	258
101	258
101	258
101	258
101	259
101	259
101	259
101	259
101	259
101	259
101	259
101	260
101	260
101	260
101	260
101	260
101	260
101	261
101	261
101	261
101	261
101	261
101	261
101	261
101	262
101	262
101	262
101	262
101	262
101	262
101	263
101	263
101	263
101	263
101	263
101	263
101	263
101	264
101	264
101	264
101	264
101	264
101	264
101	264
101	265
101	265
101	265
101	265
101	265
101	265
101	266
101	266
101	266
101	266
101	266
101	266
101	266
101	267
101	267
101	267
101	267
101	267
101	267
101	267
101	268
101	268
101	268
101	268
101	268
101	268
101	268
101	269
101	269
101	269
101	269
101	269
101	269
101	270
101	270
101	270
101	270
101	270
101	270
101	270
101	271
101	271
101	271
101	271
101	271
101	271
101	272
101	272
101	272
101	272
101	272
101	272
101	273
101	273
101	273
101	273
101	273
101	273
101	274
101	274
101	274
101	274
101	274
101	274
101	275
101	275
101	275
101	275
101	275
101	275
101	275
101	276
101	276
101	276
101	276
101	276
101	276
101	276
101	277
101	277
101	277
101	277
101	277
101	277
101	278
101	278
101	278
101	278
101	278
101	278
101	278
101	279
101	279
101	279
101	279
101	279
101	279
101	280
101	280
101	280
101	280
101	280
101	280
101	280
101	281
101	281
101	281
101	281
101	281
101	281
101	281
101	282
101	282
101	282
101	282
101	282
101	282
101	283
101	283
101	283
101	283
101	283
101	283
101	283
101	284
101	284
101	284
101	284
101	284
101	284
101	285
101	285
101	285
101	285
101	285
101	285
101	285
101	286
101	286
101	286
101	286
101	286
101	286
101	287
101	287
101	287
101	287
101	287
101	287
101	287
101	288
101	288
101	288
101	288
101	288
101	288
101	288
101	289
101	289
101	289
101	289
101	289
101	289
101	290
101	290
101	290
101	290
101	290
101	290
101	291
101	291
101	291
101	291
101	291
101	291
101	291
101	292
101	292
101	292
101	292
101	292
101	292
101	293
101	293
101	293
101	293
101	293
101	293
101	294
101	294
101	294
101	294
101	294
101	294
101	294
101	295
101	295
101	295
101	295
101	295
101	295
101	296
101	296
101	296
101	296
101	296
101	296
101	297
101	297
101	297
101	297
101	297
101	297
101	298
101	298
101	298
101	298
101	298
101	298
101	299
101	299
101	299
101	299
101	299
101	299
101	300
101	300
101	300
101	300
101	300
101	300
101	301
101	301
101	301
101	301
101	301
101	301
101	301
101	302
101	302
101	302
101	302
101	302
101	302
101	303
101	303
101	303
101	303
101	303
101	303
101	303
101	304
101	304
101	304
101	304
101	304
101	304
101	305
101	305
101	305
101	305
101	305
101	305
101	305
101	306
101	306
101	306
101	306
101	306
101	306
101	307
101	307
101	307
101	307
101	307
101	307
101	307
101	308
101	308
101	308
101	308
101	308
101	308
101	309
101	309
101	309
101	309
101	309
101	309
101	309
101	310
101	310
101	310
101	310
101	310
101	310
101	311
101	311
101	311
101	311
101	311
101	311
101	312
101	312
101	312
101	312
101	312
101	312
101	312
101	313
101	313
101	313
101	313
101	313
101	313
101	314
101	314
101	314
101	314
101	314
101	314
101	315
101	315
101	315
101	315
101	315
101	315
101	316
101	316
101	316
101	316
101	316
101	317
101	317
101	317
101	317
101	317
101	317
101	317
101	318
101	318
101	318
101	318
101	318
101	318
101	319
101	319
101	319
101	319
101	319
101	319
101	320
101	320
101	320
101	320
101	320
101	320
101	321
101	321
101	321
101	321
101	321
101	322
101	322
101	322
101	322
101	322
101	322
101	323
101	323
101	323
101	323
101	324
101	324
101	324
101	324
101	324
101	324
101	324
101	325
101	325
101	325
101	325
101	325
101	326
101	326
101	326
101	326
101	326
101	326
101	327
101	327
101	327
101	327
101	327
101	327
101	328
101	328
101	328
101	328
101	328
101	328
101	329
101	329
101	329
101	329
101	329
101	329
101	330
101	330
101	330
101	330
101	330
101	330
101	330
101	331
101	331
101	331
101	331
101	331
101	331
101	332
101	332
101	332
101	332
101	332
101	332
101	332
101	333
101	333
101	333
101	333
101	333
101	333
101	333
101	334
101	334
101	334
101	334
101	334
101	334
101	335
101	335
101	335
101	335
101	335
101	335
101	335
101	336
101	336
101	336
101	336
101	336
101	336
101	336
101	337
101	337
101	337
101	337
101	337
101	337
101	338
101	338
101	338
101	338
101	338
101	338
101	339
101	339
101	339
101	339
101	339
101	339
101	340
101	340
101	340
101	340
101	340
101	340
101	340
101	341
101	341
101	341
101	341
101	341
101	341
101	342
101	342
101	342
101	342
101	342
101	342
101	343
101	343
101	343
101	343
101	343
101	343
101	343
101	344
101	344
101	344
101	344
101	344
101	344
101	345
101	345
101	345
101	345
101	345
101	345
101	346
101	346
101	346
101	346
101	346
101	346
101	346
101	347
101	347
101	347
101	347
101	347
101	347
101	348
101	348
101	348
101	348
101	348
101	349
101	349
101	349
101	349
101	349
101	350
101	350
101	350
101	350
101	351
101	351
101	351
101	352
101	352
101	352
101	352
101	352
101	352
101	353
101	353
101	353
101	353
101	353
101	353
101	353
101	354
101	354
101	354
101	354
101	354
101	354
101	355
101	355
101	355
101	355
101	355
101	355
101	355
101	356
101	356
101	356
101	356
101	356
101	356
101	357
101	357
101	357
101	357
101	357
101	357
101	357
101	358
101	358
101	358
101	358
101	358
101	358
101	359
101	359
101	359
101	359
101	359
101	359
101	359
101	360
101	360
101	360
101	360
101	360
101	360
101	360
101	361
101	361
101	361
101	361
101	361
101	361
101	362
101	362
101	362
101	362
101	362
101	362
101	362
101	363
101	363
101	363
101	363
101	363
101	363
101	363
101	364
101	364
101	364
101	364
101	364
101	364
101	365
101	365
101	365
101	365
101	365
101	365
101	365
101	366
101	366
101	366
101	366
101	366
101	366
101	366
101	366
101	367
101	367
101	367
101	367
101	367
101	367
101	368
101	368
101	368
101	368
101	369
101	369
101	369
101	369
101	369
101	369
101	370
101	370
101	370
101	370
101	370
101	370
101	371
101	371
101	371
101	371
101	371
101	371
101	372
101	372
101	372
101	372
101	372
101	372
101	372
101	373
101	373
101	373
101	373
101	373
101	374
101	374
101	374
101	374
101	374
101	374
101	374
101	375
101	375
101	375
101	375
101	375
101	375
101	376
101	376
101	376
101	376
101	376
101	376
101	377
101	377
101	377
101	377
101	377
101	377
101	378
101	378
101	378
101	378
101	378
101	378
101	379
101	379
101	379
101	379
101	379
101	379
101	380
101	380
101	380
101	380
101	380
101	380
101	380
101	381
101	381
101	381
101	381
101	381
101	381
101	382
101	382
101	382
101	382
101	382
101	382
101	383
101	383
101	383
101	383
101	383
101	383
101	383
101	384
101	384
101	384
101	384
101	384
101	384
101	385
101	385
101	385
101	385
101	385
101	385
101	385
101	386
101	386
101	386
101	386
101	386
101	386
101	387
101	387
101	387
101	387
101	387
101	387
101	388
101	388
101	388
101	388
101	388
101	388
101	388
101	389
101	389
101	389
101	389
101	389
101	389
101	390
101	390
101	390
101	390
101	390
101	390
101	390
101	391
101	391
101	391
101	391
101	391
101	391
101	392
101	392
101	392
101	392
101	392
101	392
101	392
101	393
101	393
101	393
101	393
101	393
101	393
101	394
101	394
101	394
101	394
101	394
101	394
101	394
101	395
101	395
101	395
101	395
101	395
101	395
101	396
101	396
101	396
101	396
101	396
101	396
101	396
101	397
101	397
101	397
101	397
101	397
101	397
101	398
101	398
101	398
101	398
101	398
101	398
101	398
101	399
101	399
101	399
101	399
101	399
101	399
101	400
101	400
101	400
101	400
101	400
101	400
101	400
101	401
101	401
101	401
101	401
101	401
101	401
101	402
101	402
101	402
101	402
101	402
101	402
101	402
101	403
101	403
101	403
101	403
101	403
101	403
101	404
101	404
101	404
101	404
101	404
101	404
101	405
101	405
101	405
101	405
101	405
101	405
101	406
101	406
101	406
101	406
101	406
101	406
101	407
101	407
101	407
101	407
101	407
101	407
101	407
101	407
101	408
101	408
101	408
101	408
101	408
101	408
101	408
101	409
101	409
101	409
101	409
101	409
101	409
101	409
101	410
101	410
101	410
101	410
101	410
101	410
101	410
101	411
101	411
101	411
101	411
101	411
101	411
101	411
101	411
101	412
101	412
101	412
101	412
101	412
101	412
101	412
101	413
101	413
101	413
101	413
101	413
101	413
101	413
101	414
101	414
101	414
101	414
101	414
101	414
101	414
101	415
101	415
101	415
101	415
101	415
101	415
101	415
101	416
101	416
101	416
101	416
101	416
101	416
101	416
101	417
101	417
101	417
101	417
101	417
101	417
101	417
101	418
101	418
101	418
101	418
101	418
101	418
101	418
101	418
101	419
101	419
101	419
101	419
101	419
101	419
101	420
101	420
101	420
101	420
101	420
101	420
101	420
101	421
101	421
101	421
101	421
101	421
101	421
101	421
101	421
101	422
101	422
101	422
101	422
101	422
101	422
101	423
101	423
101	423
101	423
101	423
101	423
101	423
101	424
101	424
101	424
101	424
101	424
101	424
101	424
101	425
101	425
101	425
101	425
101	425
101	425
101	425
101	425
101	426
101	426
101	426
101	426
101	426
101	426
101	426
101	427
101	427
101	427
101	427
101	427
101	427
101	427
101	428
101	428
101	428
101	428
101	428
101	428
101	428
101	429
101	429
101	429
101	429
101	429
101	429
101	429
101	430
101	430
101	430
101	430
101	430
101	430
101	430
101	431
101	431
101	431
101	431
101	431
101	431
101	431
101	431
101	432
101	432
101	432
101	432
101	432
101	432
101	432
101	433
101	433
101	433
101	433
101	433
101	433
101	433
101	434
101	434
101	434
101	434
101	434
101	434
101	434
101	435
101	435
101	435
101	435
101	435
101	435
101	435
101	436
101	436
101	436
101	436
101	436
101	436
101	436
101	437
101	437
101	437
101	437
101	437
101	437
101	437
101	438
101	438
101	438
101	438
101	438
101	438
101	438
101	439
101	439
101	439
101	439
101	439
101	439
101	439
101	439
101	440
101	440
101	440
101	440
101	440
101	440
101	440
101	441
101	441
101	441
101	441
101	441
101	441
101	441
101	442
101	442
101	442
101	442
101	442
101	442
101	442
101	443
101	443
101	443
101	443
101	443
101	443
101	443
101	444
101	444
101	444
101	444
101	444
101	444
101	444
101	445
101	445
101	445
101	445
101	445
101	445
101	445
101	446
101	446
101	446
101	446
101	446
101	446
101	446
101	446
101	447
101	447
101	447
101	447
101	447
101	447
101	447
101	448
101	448
101	448
101	448
101	448
101	448
101	448
101	449
101	449
101	449
101	449
101	449
101	449
101	449
101	450
101	450
101	450
101	450
101	450
101	450
101	450
101	451
101	451
101	451
101	451
101	451
101	451
101	451
101	451
101	452
101	452
101	452
101	452
101	452
101	452
101	452
101	453
101	453
101	453
101	453
101	453
101	453
101	453
101	454
101	454
101	454
101	454
101	454
101	454
101	454
101	455
101	455
101	455
101	455
101	455
101	455
101	456
101	456
101	456
101	456
101	456
101	456
101	456
101	456
101	457
101	457
101	457
101	457
101	457
101	457
101	457
101	458
101	458
101	458
101	458
101	458
101	458
101	459
101	459
101	459
101	459
101	459
101	459
101	459
101	460
101	460
101	460
101	460
101	460
101	460
101	460
101	461
101	461
101	461
101	461
101	461
101	461
101	461
101	462
101	462
101	462
101	462
101	462
101	462
101	462
101	463
101	463
101	463
101	463
101	463
101	463
101	463
101	464
101	464
101	464
101	464
101	464
101	464
101	464
101	465
101	465
101	465
101	465
101	465
101	465
101	465
101	466
101	466
101	466
101	466
101	466
101	466
101	466
101	467
101	467
101	467
101	467
101	467
101	467
101	467
101	468
101	468
101	468
101	468
101	468
101	468
101	468
101	469
101	469
101	469
101	469
101	469
101	469
101	469
101	470
101	470
101	470
101	470
101	470
101	470
101	470
101	471
101	471
101	471
101	471
101	471
101	471
101	471
101	472
101	472
101	472
101	472
101	472
101	472
101	472
101	472
101	473
101	473
101	473
101	473
101	473
101	473
101	473
101	474
101	474
101	474
101	474
101	474
101	474
101	474
101	475
101	475
101	475
101	475
101	475
101	475
101	475
101	476
101	476
101	476
101	476
101	476
101	476
101	476
101	477
101	477
101	477
101	477
101	477
101	477
101	477
101	478
101	478
101	478
101	478
101	478
101	478
101	478
101	479
101	479
101	479
101	479
101	479
101	479
101	479
101	479
101	480
101	480
101	480
101	480
101	480
101	480
101	480
101	481
101	481
101	481
101	481
101	481
101	481
101	481
101	482
101	482
101	482
101	482
101	482
101	482
101	482
101	483
101	483
101	483
101	483
101	483
101	483
101	483
101	484
101	484
101	484
101	484
101	484
101	484
101	484
101	485
101	485
101	485
101	485
101	485
101	485
101	485
101	485
101	486
101	486
101	486
101	486
101	486
101	486
101	486
101	487
101	487
101	487
101	487
101	487
101	487
101	487
101	488
101	488
101	488
101	488
101	488
101	488
101	488
101	489
101	489
101	489
101	489
101	489
101	489
101	489
101	490
101	490
101	490
101	490
101	490
101	490
101	490
101	491
101	491
101	491
101	491
101	491
101	491
101	491
101	491
101	492
101	492
101	492
101	492
101	492
101	492
101	492
101	493
101	493
101	493
101	493
101	493
101	493
101	493
101	494
101	494
101	494
101	494
101	494
101	494
101	494
101	495
101	495
101	495
101	495
101	495
101	495
101	495
101	496
101	496
101	496
101	496
101	496
101	496
101	496
101	497
101	497
101	497
101	497
101	497
101	497
101	497
101	498
101	498
101	498
101	498
101	498
101	498
101	498
101	498
101	499
101	499
101	499
101	499
101	499
101	499
101	499
101	500
101	500
101	500
101	500
101	500
101	500
101	500
101	501
101	501
101	501
101	501
101	501
101	501
101	501
101	502
101	502
101	502
101	502
101	502
101	502
101	502
101	503
101	503
101	503
101	503
101	503
101	503
101	503
101	504
101	504
101	504
101	504
101	504
101	504
101	504
101	504
101	505
101	505
101	505
101	505
101	505
101	505
101	505
101	506
101	506
101	506
101	506
101	506
101	506
101	506
101	507
101	507
101	507
101	507
101	507
101	507
101	507
101	508
101	508
101	508
101	508
101	508
101	508
101	508
101	509
101	509
101	509
101	509
101	509
101	509
101	509
101	509
101	510
101	510
101	510
101	510
101	510
101	510
101	510
101	511
101	511
101	511
101	511
101	511
101	511
101	511
101	512
101	512
101	512
101	512
101	512
101	512
101	512
101	513
101	513
101	513
101	513
101	513
101	513
101	513
101	514
101	514
101	514
101	514
101	514
101	514
101	514
101	514
101	515
101	515
101	515
101	515
101	515
101	515
101	515
101	516
101	516
101	516
101	516
101	516
101	516
101	516
101	517
101	517
101	517
101	517
101	517
101	517
101	517
101	518
101	518
101	518
101	518
101	518
101	518
101	518
101	519
101	519
101	519
101	519
101	519
101	519
101	519
101	520
101	520
101	520
101	520
101	520
101	520
101	520
101	520
101	521
101	521
101	521
101	521
101	521
101	521
101	521
101	522
101	522
101	522
101	522
101	522
101	522
101	522
101	523
101	523
101	523
101	523
101	523
101	523
101	523
101	524
101	524
101	524
101	524
101	524
101	524
101	524
101	525
101	525
101	525
101	525
101	525
101	525
101	525
101	526
101	526
101	526
101	526
101	526
101	526
101	526
101	526
101	527
101	527
101	527
101	527
101	527
101	527
101	527
101	528
101	528
101	528
101	528
101	528
101	528
101	528
101	529
101	529
101	529
101	529
101	529
101	529
101	529
101	530
101	530
101	530
101	530
101	530
101	530
101	530
101	531
101	531
101	531
101	531
101	531
101	531
101	531
101	532
101	532
101	532
101	532
101	532
101	532
101	532
101	532
101	533
101	533
101	533
101	533
101	533
101	533
101	533
101	534
101	534
101	534
101	534
101	534
101	534
101	534
101	535
101	535
101	535
101	535
101	535
101	535
101	535
101	536
101	536
101	536
101	536
101	536
101	536
101	536
101	537
101	537
101	537
101	537
101	537
101	537
101	537
101	538
101	538
101	538
101	538
101	538
101	538
101	538
101	539
101	539
101	539
101	539
101	539
101	539
101	539
101	539
101	540
101	540
101	540
101	540
101	540
101	540
101	540
101	541
101	541
101	541
101	541
101	541
101	541
101	541
101	542
101	542
101	542
101	542
101	542
101	542
101	542
101	543
101	543
101	543
101	543
101	543
101	543
101	543
101	544
101	544
101	544
101	544
101	544
101	544
101	544
101	545
101	545
101	545
101	545
101	545
101	545
101	545
101	546
101	546
101	546
101	546
101	546
101	546
101	546
101	546
101	547
101	547
101	547
101	547
101	547
101	547
101	547
101	548
101	548
101	548
101	548
101	548
101	548
101	548
101	549
101	549
101	549
101	549
101	549
101	549
101	549
101	550
101	550
101	550
101	550
101	550
101	550
101	550
101	551
101	551
101	551
101	551
101	551
101	551
101	551
101	552
101	552
101	552
101	552
101	552
101	552
101	552
101	552
101	553
101	553
101	553
101	553
101	553
101	553
101	553
101	554
101	554
101	554
101	554
101	554
101	554
101	554
101	555
101	555
101	555
101	555
101	555
101	555
101	555
101	556
101	556
101	556
101	556
101	556
101	556
101	556
101	557
101	557
101	557
101	557
101	557
101	557
101	557
101	558
101	558
101	558
101	558
101	558
101	558
101	558
101	559
101	559
101	559
101	559
101	559
101	559
101	559
101	559
101	560
101	560
101	560
101	560
101	560
101	560
101	560
101	561
101	561
101	561
101	561
101	561
101	561
101	561
101	562
101	562
101	562
101	562
101	562
101	562
101	562
101	563
101	563
101	563
101	563
101	563
101	563
101	563
101	564
101	564
101	564
101	564
101	564
101	564
101	564
101	564
101	565
101	565
101	565
101	565
101	565
101	565
101	565
101	566
101	566
101	566
101	566
101	566
101	566
101	566
101	567
101	567
101	567
101	567
101	567
101	567
101	567
101	568
101	568
101	568
101	568
101	568
101	568
101	568
101	569
101	569
101	569
101	569
101	569
101	569
101	569
101	570
101	570
101	570
101	570
101	570
101	570
101	570
101	570
101	571
101	571
101	571
101	571
101	571
101	571
101	571
101	572
101	572
101	572
101	572
101	572
101	572
101	572
101	573
101	573
101	573
101	573
101	573
101	573
101	573
101	574
101	574
101	574
101	574
101	574
101	574
101	574
101	575
101	575
101	575
101	575
101	575
101	575
101	575
101	576
101	576
101	576
101	576
101	576
101	576
101	576
101	576
101	577
101	577
101	577
101	577
101	577
101	577
101	577
101	578
101	578
101	578
101	578
101	578
101	578
101	578
101	579
101	579
101	579
101	579
101	579
101	579
101	580
101	580
101	580
101	580
101	580
101	580
101	581
101	581
101	581
101	581
101	581
101	581
101	582
101	582
101	582
101	582
101	582
101	582
101	582
101	583
101	583
101	583
101	583
101	583
101	584
101	584
101	584
101	584
101	584
101	584
101	584
101	585
101	585
101	585
101	585
101	585
101	585
101	585
101	586
101	586
101	586
101	586
101	586
101	586
101	587
101	587
101	587
101	587
101	587
101	588
101	588
101	588
101	588
101	588
101	588
101	588
101	589
101	589
101	589
101	589
101	589
101	589
101	590
101	590
101	590
101	590
101	590
101	590
101	590
101	591
101	591
101	591
101	591
101	591
101	591
101	591
101	592
101	592
101	592
101	592
101	592
101	592
101	592
101	593
101	593
101	593
101	593
101	593
101	593
101	593
101	594
101	594
101	594
101	594
101	594
101	594
101	594
101	595
101	595
101	595
101	595
101	595
101	595
101	595
101	596
101	596
101	596
101	596
101	596
101	596
101	596
101	597
101	597
101	597
101	597
101	597
101	597
101	597
101	597
101	598
101	598
101	598
101	598
101	598
101	598
101	598
101	599
101	599
101	599
101	599
101	599
101	599
101	599
101	600
101	600
101	600
101	600
101	600
101	600
101	600
101	601
101	601
101	601
101	601
101	601
101	601
101	602
101	602
101	602
101	602
101	602
101	602
101	603
101	603
101	603
101	603
101	603
101	603
101	604
101	604
101	604
101	604
101	604
101	604
101	605
101	605
101	605
101	605
101	605
101	605
101	606
101	606
101	606
101	606
101	606
101	606
101	607
101	607
101	607
101	607
101	607
101	607
101	607
101	608
101	608
101	608
101	608
101	608
101	608
101	609
101	609
101	609
101	609
101	609
101	609
101	610
101	610
101	610
101	610
101	610
101	610
101	610
101	611
101	611
101	611
101	611
101	611
101	611
101	612
101	612
101	612
101	612
101	612
101	612
101	612
101	613
101	613
101	613
101	613
101	613
101	613
101	614
101	614
101	614
101	614
101	614
101	614
101	614
101	615
101	615
101	615
101	615
101	615
101	615
101	616
101	616
101	616
101	616
101	616
101	616
101	617
101	617
101	617
101	617
101	617
101	617
101	617
101	618
101	618
101	618
101	618
101	618
101	618
101	618
101	619
101	619
101	619
101	619
101	619
101	619
101	620
101	620
101	620
101	620
101	620
101	620
101	620
101	621
101	621
101	621
101	621
101	621
101	621
101	622
101	622
101	622
101	622
101	622
101	622
101	622
101	623
101	623
101	623
101	623
101	623
101	623
101	623
101	624
101	624
101	624
101	624
101	624
101	624
101	625
101	625
101	625
101	625
101	625
101	625
101	625
101	626
101	626
101	626
101	626
101	626
101	626
101	626
101	627
101	627
101	627
101	627
101	627
101	627
101	628
101	628
101	628
101	628
101	628
101	628
101	628
101	629
101	629
101	629
101	629
101	629
101	629
101	630
101	630
101	630
101	630
101	630
101	630
101	630
101	631
101	631
101	631
101	631
101	631
101	631
101	631
101	632
101	632
101	632
101	632
101	632
101	632
101	633
101	633
101	633
101	633
101	633
101	633
101	633
101	634
101	634
101	634
101	634
101	634
101	634
101	635
101	635
101	635
101	635
101	635
101	635
101	635
101	636
101	636
101	636
101	636
101	636
101	636
101	636
101	637
101	637
101	637
101	637
101	637
101	637
101	638
101	638
101	638
101	638
101	638
101	638
101	638
101	639
101	639
101	639
101	639
101	639
101	639
101	640
101	640
101	640
101	640
101	640
101	640
101	640
101	641
101	641
101	641
101	641
101	641
101	641
101	642
101	642
101	642
101	642
101	642
101	642
101	642
101	643
101	643
101	643
101	643
101	643
101	643
101	644
101	644
101	644
101	644
101	644
101	644
101	644
101	645
101	645
101	645
101	645
101	645
101	645
101	646
101	646
101	646
101	646
101	646
101	646
101	646
101	647
101	647
101	647
101	647
101	647
101	647
101	647
101	648
101	648
101	648
101	648
101	648
101	648
101	649
101	649
101	649
101	649
101	649
101	649
101	650
101	650
101	650
101	650
101	650
101	650
101	650
101	651
101	651
101	651
101	651
101	651
101	651
101	652
101	652
101	652
101	652
101	652
101	652
101	653
101	653
101	653
101	653
101	653
101	653
101	653
101	654
101	654
101	654
101	654
101	654
101	654
101	654
101	655
101	655
101	655
101	655
101	655
101	655
101	655
101	656
101	656
101	656
101	656
101	656
101	656
101	656
101	656
101	657
101	657
101	657
101	657
101	657
101	657
101	657
101	658
101	658
101	658
101	658
101	658
101	658
101	658
101	659
101	659
101	659
101	659
101	659
101	659
101	659
101	659
101	660
101	660
101	660
101	660
101	660
101	660
101	660
101	661
101	661
101	661
101	661
101	661
101	661
101	661
101	662
101	662
101	662
101	662
101	662
101	662
101	662
101	663
101	663
101	663
101	663
101	663
101	663
101	663
101	663
101	664
101	664
101	664
101	664
101	664
101	664
101	664
101	665
101	665
101	665
101	665
101	665
101	665
101	665
101	666
101	666
101	666
101	666
101	666
101	666
101	666
101	667
101	667
101	667
101	667
101	667
101	667
101	667
101	668
101	668
101	668
101	668
101	668
101	668
101	668
101	669
101	669
101	669
101	669
101	669
101	669
101	669
101	669
101	670
101	670
101	670
101	670
101	670
101	670
101	670
101	671
101	671
101	671
101	671
101	671
101	671
101	671
101	672
101	672
101	672
101	672
101	672
101	672
101	673
101	673
101	673
101	673
101	673
101	673
101	673
101	674
101	674
101	674
101	674
101	674
101	674
101	675
101	675
101	675
101	675
101	675
101	675
101	676
101	676
101	676
101	676
101	676
101	676
101	677
101	677
101	677
101	677
101	677
101	677
101	677
101	678
101	678
101	678
101	678
101	678
101	678
101	679
101	679
101	679
101	679
101	679
101	679
101	680
101	680
101	680
101	680
101	680
101	680
101	680
101	681
101	681
101	681
101	681
101	681
101	681
101	682
101	682
101	682
101	682
101	682
101	682
101	682
101	683
101	683
101	683
101	683
101	683
101	683
101	684
101	684
101	684
101	684
101	684
101	684
101	684
101	685
101	685
101	685
101	685
101	685
101	685
101	685
101	686
101	686
101	686
101	686
101	686
101	686
101	687
101	687
101	687
101	687
101	687
101	687
101	687
101	688
101	688
101	688
101	688
101	688
101	688
101	688
101	689
101	689
101	689
101	689
101	689
101	689
101	689
101	690
101	690
101	690
101	690
101	690
101	690
101	691
101	691
101	691
101	691
101	691
101	691
101	691
101	692
101	692
101	692
101	692
101	692
101	692
101	692
101	693
101	693
101	693
101	693
101	693
101	693
101	694
101	694
101	694
101	694
101	694
101	694
101	694
101	695
101	695
101	695
101	695
101	695
101	695
101	696
101	696
101	696
101	696
101	696
101	696
101	696
101	697
101	697
101	697
101	697
101	697
101	697
101	697
101	698
101	698
101	698
101	698
101	698
101	698
101	699
101	699
101	699
101	699
101	699
101	699
101	699
101	700
101	700
101	700
101	700
101	700
101	700
101	700
101	701
101	701
101	701
101	701
101	701
101	701
101	702
101	702
101	702
101	702
101	702
101	702
101	702
101	703
101	703
101	703
101	703
101	703
101	703
101	704
101	704
101	704
101	704
101	704
101	704
101	704
101	705
101	705
101	705
101	705
101	705
101	705
101	705
101	706
101	706
101	706
101	706
101	706
101	706
101	707
101	707
101	707
101	707
101	707
101	707
101	707
101	708
101	708
101	708
101	708
101	708
101	708
101	708
101	709
101	709
101	709
101	709
101	709
101	709
101	710
101	710
101	710
101	710
101	710
101	710
101	710
101	711
101	711
101	711
101	711
101	711
101	711
101	712
101	712
101	712
101	712
101	712
101	712
101	712
101	713
101	713
101	713
101	713
101	713
101	713
101	713
101	714
101	714
101	714
101	714
101	714
101	714
101	715
101	715
101	715
101	715
101	715
101	715
101	715
101	716
101	716
101	716
101	716
101	716
101	716
101	716
101	717
101	717
101	717
101	717
101	717
101	717
101	718
101	718
101	718
101	718
101	718
101	718
101	718
101	719
101	719
101	719
101	719
101	719
101	719
101	719
101	720
101	720
101	720
101	720
101	720
101	720
101	721
101	721
101	721
101	721
101	721
101	721
101	721
101	722
101	722
101	722
101	722
101	722
101	722
101	723
101	723
101	723
101	723
101	723
101	723
101	723
101	724
101	724
101	724
101	724
101	724
101	724
101	725
101	725
101	725
101	725
101	725
101	725
101	725
101	726
101	726
101	726
101	726
101	726
101	726
101	727
101	727
101	727
101	727
101	727
101	727
101	728
101	728
101	728
101	728
101	728
101	728
101	728
101	729
101	729
101	729
101	729
101	729
101	729
101	730
101	730
101	730
101	730
101	730
101	730
101	730
101	731
101	731
101	731
101	731
101	731
101	731
101	732
101	732
101	732
101	732
101	732
101	732
101	732
101	733
101	733
101	733
101	733
101	733
101	733
101	734
101	734
101	734
101	734
101	734
101	734
101	734
101	735
101	735
101	735
101	735
101	735
101	735
101	736
101	736
101	736
101	736
101	736
101	736
101	736
101	737
101	737
101	737
101	737
101	737
101	737
101	738
101	738
101	738
101	738
101	738
101	738
101	738
101	739
101	739
101	739
101	739
101	739
101	739
101	740
101	740
101	740
101	740
101	740
101	740
101	740
101	741
101	741
101	741
101	741
101	741
101	741
101	741
101	742
101	742
101	742
101	742
101	742
101	742
101	743
101	743
101	743
101	743
101	743
101	743
101	743
101	744
101	744
101	744
101	744
101	744
101	744
101	745
101	745
101	745
101	745
101	745
101	745
101	745
101	746
101	746
101	746
101	746
101	746
101	746
101	747
101	747
101	747
101	747
101	747
101	747
101	747
101	748
101	748
101	748
101	748
101	748
101	748
101	749
101	749
101	749
101	749
101	749
101	749
101	749
101	750
101	750
101	750
101	750
101	750
101	750
101	751
101	751
101	751
101	751
101	751
101	751
101	751
101	752
101	752
101	752
101	752
101	752
101	752
101	753
101	753
101	753
101	753
101	753
101	753
101	754
101	754
101	754
101	754
101	754
101	754
101	754
101	755
101	755
101	755
101	755
101	755
101	755
101	756
101	756
101	756
101	756
101	756
101	756
101	756
101	757
101	757
101	757
101	757
101	757
101	757
101	758
101	758
101	758
101	758
101	758
101	758
101	758
101	759
101	759
101	759
101	759
101	759
101	759
101	760
101	760
101	760
101	760
101	760
101	760
101	760
101	761
101	761
101	761
101	761
101	761
101	761
101	762
101	762
101	762
101	762
101	762
101	762
101	762
101	763
101	763
101	763
101	763
101	763
101	763
101	764
101	764
101	764
101	764
101	764
101	764
101	764
101	765
101	765
101	765
101	765
101	765
101	765
101	766
101	766
101	766
101	766
101	766
101	766
101	766
101	767
101	767
101	767
101	767
101	767
101	767
101	768
101	768
101	768
101	768
101	768
101	768
101	768
101	769
101	769
101	769
101	769
101	769
101	769
101	770
101	770
101	770
101	770
101	770
101	770
101	770
101	771
101	771
101	771
101	771
101	771
101	771
101	772
101	772
101	772
101	772
101	772
101	772
101	772
101	773
101	773
101	773
101	773
101	773
101	773
101	774
101	774
101	774
101	774
101	774
101	774
101	774
101	775
101	775
101	775
101	775
101	775
101	775
101	776
101	776
101	776
101	776
101	776
101	776
101	776
101	777
101	777
101	777
101	777
101	777
101	777
101	778
101	778
101	778
101	778
101	778
101	778
101	778
101	779
101	779
101	779
101	779
101	779
101	779
101	779
101	780
101	780
101	780
101	780
101	780
101	780
101	781
101	781
101	781
101	781
101	781
101	781
101	781
101	782
101	782
101	782
101	782
101	782
101	782
101	782
101	783
101	783
101	783
101	783
101	783
101	783
101	784
101	784
101	784
101	784
101	784
101	784
101	784
101	785
101	785
101	785
101	785
101	785
101	785
101	785
101	786
101	786
101	786
101	786
101	786
101	786
101	787
101	787
101	787
101	787
101	787
101	787
101	787
101	788
101	788
101	788
101	788
101	788
101	788
101	789
101	789
101	789
101	789
101	789
101	789
101	789
101	790
101	790
101	790
101	790
101	790
101	790
101	790
101	791
101	791
101	791
101	791
101	791
101	791
101	792
101	792
101	792
101	792
101	792
101	792
101	792
101	793
101	793
101	793
101	793
101	793
101	793
101	794
101	794
101	794
101	794
101	794
101	794
101	795
101	795
101	795
101	795
101	795
101	795
101	795
101	796
101	796
101	796
101	796
101	796
101	796
101	797
101	797
101	797
101	797
101	797
101	798
101	798
101	798
101	798
101	798
101	799
101	799
101	799
101	799
101	799
101	800
101	800
101	800
101	800
101	800
101	801
101	801
101	801
101	801
101	801
101	802
101	802
101	802
101	802
101	803
101	803
101	803
101	803
101	803
101	803
101	804
101	804
101	804
101	805
101	805
101	805
101	805
101	805
101	806
101	806
101	806
101	806
101	806
101	806
101	806
101	807
101	807
101	807
101	807
101	807
101	807
101	808
101	808
101	808
101	808
101	808
101	808
101	808
101	809
101	809
101	809
101	809
101	809
101	809
101	810
101	810
101	810
101	810
101	810
101	810
101	811
101	811
101	811
101	811
101	811
101	811
101	811
101	812
101	812
101	812
101	812
101	812
101	812
101	813
101	813
101	813
101	813
101	813
101	813
101	813
101	814
101	814
101	814
101	814
101	814
101	814
101	815
101	815
101	815
101	815
101	815
101	815
101	816
101	816
101	816
101	816
101	816
101	816
101	816
101	817
101	817
101	817
101	817
101	817
101	817
101	818
101	818
101	818
101	818
101	818
101	818
101	818
101	819
101	819
101	819
101	819
101	819
101	819
101	820
101	820
101	820
101	820
101	820
101	820
101	820
101	821
101	821
101	821
101	821
101	821
101	821
101	822
101	822
101	822
101	822
101	822
101	822
101	822
101	823
101	823
101	823
101	823
101	823
101	823
101	824
101	824
101	824
101	824
101	824
101	824
101	824
101	825
101	825
101	825
101	825
101	825
101	825
101	826
101	826
101	826
101	826
101	826
101	826
101	826
101	827
101	827
101	827
101	827
101	827
101	827
101	828
101	828
101	828
101	828
101	828
101	828
101	828
101	829
101	829
101	829
101	829
101	829
101	829
101	830
101	830
101	830
101	830
101	830
101	830
101	830
101	831
101	831
101	831
101	831
101	831
101	831
101	832
101	832
101	832
101	832
101	832
101	832
101	832
101	833
101	833
101	833
101	833
101	833
101	833
101	834
101	834
101	834
101	834
101	834
101	834
101	834
101	835
101	835
101	835
101	835
101	835
101	835
101	836
101	836
101	836
101	836
101	836
101	836
101	836
101	837
101	837
101	837
101	837
101	837
101	837
101	838
101	838
101	838
101	838
101	838
101	838
101	839
101	839
101	839
101	839
101	839
101	839
101	839
101	840
101	840
101	840
101	840
101	840
101	840
101	841
101	841
101	841
101	841
101	841
101	841
101	841
101	842
101	842
101	842
101	842
101	842
101	842
101	843
101	843
101	843
101	843
101	843
101	843
101	843
101	844
101	844
101	844
101	844
101	844
101	844
101	845
101	845
101	845
101	845
101	845
101	845
101	845
101	846
101	846
101	846
101	846
101	846
101	846
101	847
101	847
101	847
101	847
101	847
101	847
101	847
101	848
101	848
101	848
101	848
101	848
101	848
101	849
101	849
101	849
101	849
101	849
101	849
101	849
101	850
101	850
101	850
101	850
101	850
101	850
101	851
101	851
101	851
101	851
101	851
101	851
101	851
101	852
101	852
101	852
101	852
101	852
101	852
101	853
101	853
101	853
101	853
101	853
101	853
101	853
101	854
101	854
101	854
101	854
101	854
101	854
101	854
101	855
101	855
101	855
101	855
101	855
101	855
101	856
101	856
101	856
101	856
101	856
101	856
101	857
101	857
101	857
101	857
101	857
101	857
101	858
101	858
101	858
101	858
101	858
101	858
101	858
101	859
101	859
101	859
101	859
101	859
101	859
101	860
101	860
101	860
101	860
101	860
101	860
101	860
101	861
101	861
101	861
101	861
101	861
101	861
101	862
101	862
101	862
101	862
101	862
101	862
101	862
101	863
101	863
101	863
101	863
101	863
101	863
101	864
101	864
101	864
101	864
101	864
101	864
101	864
101	865
101	865
101	865
101	865
101	865
101	865
101	866
101	866
101	866
101	866
101	866
101	866
101	866
101	867
101	867
101	867
101	867
101	867
101	867
101	868
101	868
101	868
101	868
101	868
101	868
101	868
101	869
101	869
101	869
101	869
101	869
101	869
101	870
101	870
101	870
101	870
101	870
101	870
101	870
101	871
101	871
101	871
101	871
101	871
101	871
101	872
101	872
101	872
101	872
101	872
101	872
101	873
101	873
101	873
101	873
101	873
101	873
101	873
101	874
101	874
101	874
101	874
101	874
101	874
101	875
101	875
101	875
101	875
101	875
101	875
101	875
101	876
101	876
101	876
101	876
101	876
101	876
101	877
101	877
101	877
101	877
101	877
101	877
101	877
101	878
101	878
101	878
101	878
101	878
101	878
101	879
101	879
101	879
101	879
101	879
101	879
101	879
101	880
101	880
101	880
101	880
101	880
101	880
101	881
101	881
101	881
101	881
101	881
101	881
101	881
101	882
101	882
101	882
101	882
101	882
101	882
101	882
101	883
101	883
101	883
101	883
101	883
101	883
101	884
101	884
101	884
101	884
101	884
101	884
101	885
101	885
101	885
101	885
101	885
101	885
101	885
101	886
101	886
101	886
101	886
101	886
101	886
101	887
101	887
101	887
101	887
101	887
101	887
101	887
101	888
101	888
101	888
101	888
101	888
101	888
101	889
101	889
101	889
101	889
101	889
101	889
101	889
101	890
101	890
101	890
101	890
101	890
101	890
101	891
101	891
101	891
101	891
101	891
101	891
101	892
101	892
101	892
101	892
101	892
101	892
101	893
101	893
101	893
101	893
101	893
101	893
101	893
101	894
101	894
101	894
101	894
101	894
101	894
101	895
101	895
101	895
101	895
101	895
101	895
101	896
101	896
101	896
101	896
101	896
101	896
101	896
101	897
101	897
101	897
101	897
101	897
101	897
101	898
101	898
101	898
101	898
101	898
101	898
101	898
101	899
101	899
101	899
101	899
101	899
101	899
101	900
101	900
101	900
101	900
101	900
101	900
101	900
101	901
101	901
101	901
101	901
101	901
101	901
101	902
101	902
101	902
101	902
101	902
101	902
101	902
101	903
101	903
101	903
101	903
101	903
101	903
101	904
101	904
101	904
101	904
101	904
101	904
101	905
101	905
101	905
101	905
101	905
101	905
101	905
101	906
101	906
101	906
101	906
101	906
101	906
101	907
101	907
101	907
101	907
101	907
101	907
101	907
101	908
101	908
101	908
101	908
101	908
101	908
101	909
101	909
101	909
101	909
101	909
101	909
101	909
101	910
101	910
101	910
101	910
101	910
101	910
101	911
101	911
101	911
101	911
101	911
101	911
101	912
101	912
101	912
101	912
101	912
101	912
101	912
101	913
101	913
101	913
101	913
101	913
101	913
101	914
101	914
101	914
101	914
101	914
101	914
101	914
101	915
101	915
101	915
101	915
101	915
101	915
101	916
101	916
101	916
101	916
101	916
101	916
101	917
101	917
101	917
101	917
101	917
101	917
101	917
101	918
101	918
101	918
101	918
101	918
101	918
101	919
101	919
101	919
101	919
101	919
101	919
101	919
101	920
101	920
101	920
101	920
101	920
101	920
101	921
101	921
101	921
101	921
101	921
101	921
101	922
101	922
101	922
101	922
101	922
101	922
101	922
101	923
101	923
101	923
101	923
101	923
101	923
101	924
101	924
101	924
101	924
101	924
101	924
101	925
101	925
101	925
101	925
101	925
101	925
101	925
101	926
101	926
101	926
101	926
101	926
101	926
101	927
101	927
101	927
101	927
101	927
101	927
101	927
101	928
101	928
101	928
101	928
101	928
101	928
101	929
101	929
101	929
101	929
101	929
101	929
101	930
101	930
101	930
101	930
101	930
101	930
101	930
101	931
101	931
101	931
101	931
101	931
101	931
101	932
101	932
101	932
101	932
101	932
101	932
101	933
101	933
101	933
101	933
101	933
101	933
101	934
101	934
101	934
101	934
101	934
101	934
101	934
101	935
101	935
101	935
101	935
101	935
101	935
101	936
101	936
101	936
101	936
101	936
101	936
101	937
101	937
101	937
101	937
101	937
101	937
101	938
101	938
101	938
101	938
101	938
101	938
101	939
101	939
101	939
101	939
101	939
101	939
101	939
101	940
101	940
101	940
101	940
101	940
101	940
101	941
101	941
101	941
101	941
101	941
101	941
101	942
101	942
101	942
101	942
101	942
101	942
101	942
101	943
101	943
101	943
101	943
101	943
101	943
101	944
101	944
101	944
101	944
101	944
101	944
101	945
101	945
101	945
101	945
101	945
101	945
101	945
101	946
101	946
101	946
101	946
101	946
101	946
101	947
101	947
101	947
101	947
101	947
101	947
101	948
101	948
101	948
101	948
101	948
101	948
101	949
101	949
101	949
101	949
101	949
101	949
101	950
101	950
101	950
101	950
101	950
101	950
101	951
101	951
101	951
101	951
101	951
101	951
101	951
101	952
101	952
101	952
101	952
101	952
101	952
101	953
101	953
101	953
101	953
101	953
101	953
101	954
101	954
101	954
101	954
101	954
101	954
101	954
101	955
101	955
101	955
101	955
101	955
101	955
101	956
101	956
101	956
101	956
101	956
101	956
101	957
101	957
101	957
101	957
101	957
101	957
101	957
101	958
101	958
101	958
101	958
101	958
101	958
101	959
101	959
101	959
101	959
101	959
101	959
101	960
101	960
101	960
101	960
101	960
101	960
101	960
101	961
101	961
101	961
101	961
101	961
101	961
101	962
101	962
101	962
101	962
101	962
101	962
101	962
101	963
101	963
101	963
101	963
101	963
101	963
101	964
101	964
101	964
101	964
101	964
101	964
101	965
101	965
101	965
101	965
101	965
101	965
101	965
101	966
101	966
101	966
101	966
101	966
101	966
101	967
101	967
101	967
101	967
101	967
101	967
101	967
101	968
101	968
101	968
101	968
101	968
101	968
101	969
101	969
101	969
101	969
101	969
101	969
101	970
101	970
101	970
101	970
101	970
101	970
101	970
101	971
101	971
101	971
101	971
101	971
101	971
101	972
101	972
101	972
101	972
101	972
101	972
101	972
101	973
101	973
101	973
101	973
101	973
101	973
101	974
101	974
101	974
101	974
101	974
101	974
101	974
101	975
101	975
101	975
101	975
101	975
101	975
101	976
101	976
101	976
101	976
101	976
101	976
101	977
101	977
101	977
101	977
101	977
101	977
101	978
101	978
101	978
101	978
101	978
101	978
101	978
101	979
101	979
101	979
101	979
101	979
101	979
101	980
101	980
101	980
101	980
101	980
101	980
101	980
101	981
101	981
101	981
101	981
101	981
101	981
101	982
101	982
101	982
101	982
101	982
101	982
101	982
101	983
101	983
101	983
101	983
101	983
101	983
101	984
101	984
101	984
101	984
101	984
101	984
101	985
101	985
101	985
101	985
101	985
101	986
101	986
101	986
101	986
101	986
101	986
101	987
101	987
101	987
101	987
101	987
101	987
101	988
101	988
101	988
101	988
101	988
101	989
101	989
101	989
101	989
101	989
101	989
101	990
101	990
101	990
101	990
101	990
101	991
101	991
101	991
101	991
101	991
101	991
101	992
101	992
101	992
101	992
101	992
101	992
101	993
101	993
101	993
101	993
101	993
101	993
101	993
101	994
101	994
101	994
101	994
101	994
101	994
101	995
101	995
101	995
101	995
101	995
101	995
101	996
101	996
101	996
101	996
101	996
101	996
101	996
101	997
101	997
101	997
101	997
101	997
101	997
101	998
101	998
101	998
101	998
101	998
101	998
101	998
101	999
101	999
101	999
101	999
101	999
101	999
101	1000
101	1000
101	1000
101	1000
101	1000
101	1000
101	1000
101	1001
101	1001
101	1001
101	1001
101	1001
101	1001
101	1001
101	1002
101	1002
101	1002
101	1002
101	1002
101	1002
101	1003
101	1003
101	1003
101	1003
101	1003
101	1003
101	1003
101	1004
101	1004
101	1004
101	1004
101	1004
101	1004
101	1005
101	1005
101	1005
101	1005
101	1005
101	1005
101	1005
101	1006
101	1006
101	1006
101	1006
101	1006
101	1006
101	1006
101	1007
101	1007
101	1007
101	1007
101	1007
101	1007
101	1008
101	1008
101	1008
101	1008
101	1008
101	1008
101	1008
101	1009
101	1009
101	1009
101	1009
101	1009
101	1009
101	1010
101	1010
101	1010
101	1010
101	1010
101	1010
101	1010
101	1011
101	1011
101	1011
101	1011
101	1011
101	1011
101	1012
101	1012
101	1012
101	1012
101	1012
101	1012
101	1012
101	1013
101	1013
101	1013
101	1013
101	1013
101	1013
101	1014
101	1014
101	1014
101	1014
101	1014
101	1014
101	1014
101	1015
101	1015
101	1015
101	1015
101	1015
101	1015
101	1015
101	1016
101	1016
101	1016
101	1016
101	1016
101	1016
101	1017
101	1017
101	1017
101	1017
101	1017
101	1017
101	1017
101	1018
101	1018
101	1018
101	1018
101	1018
101	1018
101	1018
101	1019
101	1019
101	1019
101	1019
101	1019
101	1019
101	1020
101	1020
101	1020
101	1020
101	1020
101	1020
101	1021
101	1021
101	1021
101	1021
101	1021
101	1021
101	1022
101	1022
101	1022
101	1022
101	1022
101	1022
101	1023
101	1023
101	1023
101	1023
101	1023
101	1023
101	1024
101	1024
101	1024
101	1024
101	1024
101	1024
101	1025
101	1025
101	1025
101	1025
101	1025
101	1025
101	1025
101	1026
101	1026
101	1026
101	1026
101	1026
101	1027
101	1027
101	1027
101	1027
101	1027
101	1027
101	1028
101	1028
101	1028
101	1028
101	1028
101	1028
101	1029
101	1029
101	1029
101	1029
101	1030
101	1030
101	1030
101	1030
101	1030
101	1030
101	1030
101	1031
101	1031
101	1031
101	1031
101	1031
101	1031
101	1032
101	1032
101	1032
101	1032
101	1032
101	1033
101	1033
101	1033
101	1033
101	1033
101	1034
101	1034
101	1034
101	1034
101	1034
101	1034
101	1035
101	1035
101	1035
101	1035
101	1035
101	1036
101	1036
101	1036
101	1036
101	1036
101	1036
101	1037
101	1037
101	1037
101	1037
101	1037
101	1037
101	1038
101	1038
101	1038
101	1038
101	1038
101	1038
101	1039
101	1039
101	1039
101	1039
101	1039
101	1040
101	1040
101	1040
101	1040
101	1040
101	1040
101	1040
101	1041
101	1041
101	1041
101	1041
101	1041
101	1041
101	1042
101	1042
101	1042
101	1042
101	1042
101	1042
101	1043
101	1043
101	1043
101	1043
101	1043
101	1043
101	1044
101	1044
101	1044
101	1044
101	1044
101	1044
101	1045
101	1045
101	1045
101	1045
101	1045
101	1045
101	1046
101	1046
101	1046
101	1046
101	1046
101	1047
101	1047
101	1047
101	1047
101	1047
101	1047
101	1048
101	1048
101	1048
101	1048
101	1048
101	1048
101	1048
101	1049
101	1049
101	1049
101	1049
101	1049
101	1049
101	1050
101	1050
101	1050
101	1050
101	1050
101	1050
101	1050
101	1051
101	1051
101	1051
101	1051
101	1051
101	1051
101	1052
101	1052
101	1052
101	1052
101	1052
101	1052
101	1052
101	1053
101	1053
101	1053
101	1053
101	1053
101	1053
101	1054
101	1054
101	1054
101	1054
101	1054
101	1054
101	1055
101	1055
101	1055
101	1055
101	1055
101	1055
101	1056
101	1056
101	1056
101	1056
101	1056
101	1056
101	1057
101	1057
101	1057
101	1057
101	1057
101	1057
101	1057
101	1058
101	1058
101	1058
101	1058
101	1058
101	1058
101	1059
101	1059
101	1059
101	1059
101	1059
101	1059
101	1060
101	1060
101	1060
101	1060
101	1060
101	1060
101	1061
101	1061
101	1061
101	1061
101	1061
101	1061
101	1062
101	1062
101	1062
101	1062
101	1062
101	1062
101	1062
101	1063
101	1063
101	1063
101	1063
101	1063
101	1063
101	1064
101	1064
101	1064
101	1064
101	1064
101	1064
101	1065
101	1065
101	1065
101	1065
101	1065
101	1065
101	1065
101	1066
101	1066
101	1066
101	1066
101	1066
101	1066
101	1067
101	1067
101	1067
101	1067
101	1067
101	1067
101	1068
101	1068
101	1068
101	1068
101	1068
101	1068
101	1068
101	1069
101	1069
101	1069
101	1069
101	1069
101	1069
101	1070
101	1070
101	1070
101	1070
101	1070
101	1070
101	1070
101	1071
101	1071
101	1071
101	1071
101	1071
101	1071
101	1072
101	1072
101	1072
101	1072
101	1072
101	1072
101	1072
101	1073
101	1073
101	1073
101	1073
101	1073
101	1073
101	1073
101	1074
101	1074
101	1074
101	1074
101	1074
101	1074
101	1075
101	1075
101	1075
101	1075
101	1075
101	1075
101	1075
101	1076
101	1076
101	1076
101	1076
101	1076
101	1076
101	1077
101	1077
101	1077
101	1077
101	1077
101	1077
101	1078
101	1078
101	1078
101	1078
101	1078
101	1078
101	1078
101	1079
101	1079
101	1079
101	1079
101	1079
101	1079
101	1080
101	1080
101	1080
101	1080
101	1080
101	1080
101	1081
101	1081
101	1081
101	1081
101	1081
101	1081
101	1081
101	1082
101	1082
101	1082
101	1082
101	1082
101	1082
101	1083
101	1083
101	1083
101	1083
101	1083
101	1083
101	1084
101	1084
101	1084
101	1084
101	1084
101	1084
101	1085
101	1085
101	1085
101	1085
101	1086
101	1086
101	1086
101	1086
101	1086
101	1086
101	1087
101	1087
101	1087
101	1087
101	1087
101	1087
101	1088
101	1088
101	1088
101	1088
101	1088
101	1089
101	1089
101	1089
101	1089
101	1089
101	1089
101	1090
101	1090
101	1090
101	1090
101	1090
101	1090
101	1091
101	1091
101	1091
101	1091
101	1091
101	1091
101	1092
101	1092
101	1092
101	1092
101	1092
101	1092
101	1093
101	1093
101	1093
101	1093
101	1093
101	1094
101	1094
101	1094
101	1094
101	1094
101	1095
101	1095
101	1095
101	1095
101	1095
101	1095
101	1096
101	1096
101	1096
101	1096
101	1096
101	1096
101	1097
101	1097
101	1097
101	1097
101	1097
101	1097
101	1098
101	1098
101	1098
101	1098
101	1098
101	1098
101	1098
101	1099
101	1099
101	1099
101	1099
101	1099
101	1099
101	1100
101	1100
101	1100
101	1100
101	1100
101	1100
101	1100
101	1101
101	1101
101	1101
101	1101
101	1101
101	1101
101	1102
101	1102
101	1102
101	1102
101	1102
101	1102
101	1102
101	1103
101	1103
101	1103
101	1103
101	1103
101	1103
101	1104
101	1104
101	1104
101	1104
101	1104
101	1104
101	1104
101	1105
101	1105
101	1105
101	1105
101	1105
101	1105
101	1106
101	1106
101	1106
101	1106
101	1106
101	1106
101	1107
101	1107
101	1107
101	1107
101	1107
101	1107
101	1108
101	1108
101	1108
101	1108
101	1108
101	1108
101	1109
101	1109
101	1109
101	1109
101	1109
101	1109
101	1110
101	1110
101	1110
101	1110
101	1110
101	1110
101	1111
101	1111
101	1111
101	1111
101	1111
101	1111
101	1112
101	1112
101	1112
101	1112
101	1112
101	1112
101	1113
101	1113
101	1113
101	1113
101	1113
101	1113
101	1114
101	1114
101	1114
101	1114
101	1114
101	1114
101	1115
101	1115
101	1115
101	1115
101	1115
101	1115
101	1115
101	1116
101	1116
101	1116
101	1116
101	1116
101	1116
101	1117
101	1117
101	1117
101	1117
101	1117
101	1117
101	1118
101	1118
101	1118
101	1118
101	1118
101	1118
101	1119
101	1119
101	1119
101	1119
101	1119
101	1119
101	1120
101	1120
101	1120
101	1120
101	1120
101	1120
101	1121
101	1121
101	1121
101	1121
101	1121
101	1121
101	1121
101	1122
101	1122
101	1122
101	1122
101	1122
101	1122
101	1123
101	1123
101	1123
101	1123
101	1123
101	1123
101	1123
101	1124
101	1124
101	1124
101	1124
101	1124
101	1125
101	1125
101	1125
101	1125
101	1125
101	1125
101	1126
101	1126
101	1126
101	1126
101	1126
101	1126
101	1127
101	1127
101	1127
101	1127
101	1127
101	1127
101	1127
101	1128
101	1128
101	1128
101	1128
101	1128
101	1129
101	1129
101	1129
101	1129
101	1129
101	1129
101	1129
101	1130
101	1130
101	1130
101	1130
101	1130
101	1130
101	1131
101	1131
101	1131
101	1131
101	1131
101	1131
101	1132
101	1132
101	1132
101	1132
101	1132
101	1132
101	1133
101	1133
101	1133
101	1133
101	1133
101	1133
101	1133
101	1134
101	1134
101	1134
101	1134
101	1134
101	1134
101	1135
101	1135
101	1135
101	1135
101	1135
101	1135
101	1135
101	1136
101	1136
101	1136
101	1136
101	1136
101	1136
101	1137
101	1137
101	1137
101	1137
101	1137
101	1137
101	1138
101	1138
101	1138
101	1138
101	1138
101	1138
101	1138
101	1139
101	1139
101	1139
101	1139
101	1139
101	1139
101	1140
101	1140
101	1140
101	1140
101	1140
101	1140
101	1141
101	1141
101	1141
101	1141
101	1141
101	1141
101	1141
101	1142
101	1142
101	1142
101	1142
101	1142
101	1142
101	1143
101	1143
101	1143
101	1143
101	1143
101	1143
101	1143
101	1144
101	1144
101	1144
101	1144
101	1144
101	1144
101	1145
101	1145
101	1145
101	1145
101	1145
101	1145
101	1146
101	1146
101	1146
101	1146
101	1146
101	1146
101	1146
101	1147
101	1147
101	1147
101	1147
101	1147
101	1147
101	1148
101	1148
101	1148
101	1148
101	1148
101	1148
101	1149
101	1149
101	1149
101	1149
101	1149
101	1149
101	1149
101	1150
101	1150
101	1150
101	1150
101	1150
101	1150
101	1151
101	1151
101	1151
101	1151
101	1151
101	1151
101	1151
101	1152
101	1152
101	1152
101	1152
101	1152
101	1152
101	1153
101	1153
101	1153
101	1153
101	1153
101	1153
101	1154
101	1154
101	1154
101	1154
101	1154
101	1154
101	1154
101	1155
101	1155
101	1155
101	1155
101	1155
101	1155
101	1156
101	1156
101	1156
101	1156
101	1156
101	1156
101	1157
101	1157
101	1157
101	1157
101	1157
101	1157
101	1157
101	1158
101	1158
101	1158
101	1158
101	1158
101	1158
101	1159
101	1159
101	1159
101	1159
101	1159
101	1159
101	1159
101	1160
101	1160
101	1160
101	1160
101	1160
101	1160
101	1161
101	1161
101	1161
101	1161
101	1161
101	1161
101	1162
101	1162
101	1162
101	1162
101	1162
101	1162
101	1162
101	1163
101	1163
101	1163
101	1163
101	1163
101	1163
101	1164
101	1164
101	1164
101	1164
101	1164
101	1164
101	1165
101	1165
101	1165
101	1165
101	1165
101	1165
101	1166
101	1166
101	1166
101	1166
101	1166
101	1166
101	1166
101	1167
101	1167
101	1167
101	1167
101	1167
101	1167
101	1168
101	1168
101	1168
101	1168
101	1168
101	1168
101	1168
101	1169
101	1169
101	1169
101	1169
101	1169
101	1169
101	1170
101	1170
101	1170
101	1170
101	1170
101	1170
101	1171
101	1171
101	1171
101	1171
101	1171
101	1171
101	1171
101	1172
101	1172
101	1172
101	1172
101	1172
101	1172
101	1173
101	1173
101	1173
101	1173
101	1173
101	1173
101	1174
101	1174
101	1174
101	1174
101	1174
101	1174
101	1174
101	1175
101	1175
101	1175
101	1175
101	1175
101	1175
101	1176
101	1176
101	1176
101	1176
101	1176
101	1176
101	1177
101	1177
101	1177
101	1177
101	1177
101	1177
101	1177
101	1178
101	1178
101	1178
101	1178
101	1178
101	1178
101	1179
101	1179
101	1179
101	1179
101	1179
101	1179
101	1180
101	1180
101	1180
101	1180
101	1180
101	1180
101	1180
101	1181
101	1181
101	1181
101	1181
101	1181
101	1181
101	1182
101	1182
101	1182
101	1182
101	1182
101	1182
101	1183
101	1183
101	1183
101	1183
101	1183
101	1183
101	1183
101	1184
101	1184
101	1184
101	1184
101	1184
101	1184
101	1185
101	1185
101	1185
101	1185
101	1185
101	1185
101	1186
101	1186
101	1186
101	1186
101	1186
101	1186
101	1186
101	1187
101	1187
101	1187
101	1187
101	1187
101	1187
101	1188
101	1188
101	1188
101	1188
101	1188
101	1188
101	1188
101	1189
101	1189
101	1189
101	1189
101	1189
101	1189
101	1190
101	1190
101	1190
101	1190
101	1190
101	1190
101	1191
101	1191
101	1191
101	1191
101	1191
101	1191
101	1191
101	1192
101	1192
101	1192
101	1192
101	1192
101	1192
101	1193
101	1193
101	1193
101	1193
101	1193
101	1193
101	1193
101	1194
101	1194
101	1194
101	1194
101	1194
101	1194
101	1195
101	1195
101	1195
101	1195
101	1195
101	1195
101	1196
101	1196
101	1196
101	1196
101	1196
101	1196
101	1196
101	1197
101	1197
101	1197
101	1197
101	1197
101	1197
101	1198
101	1198
101	1198
101	1198
101	1198
101	1198
101	1198
101	1199
101	1199
101	1199
101	1199
101	1199
101	1199
101	1200
101	1200
101	1200
101	1200
101	1200
101	1200
101	1200
101	1201
101	1201
101	1201
101	1201
101	1201
101	1201
101	1202
101	1202
101	1202
101	1202
101	1202
101	1202
101	1202
101	1203
101	1203
101	1203
101	1203
101	1203
101	1203
101	1204
101	1204
101	1204
101	1204
101	1204
101	1204
101	1205
101	1205
101	1205
101	1205
101	1205
101	1205
101	1205
101	1206
101	1206
101	1206
101	1206
101	1206
101	1206
101	1207
101	1207
101	1207
101	1207
101	1207
101	1207
101	1207
101	1208
101	1208
101	1208
101	1208
101	1208
101	1208
101	1209
101	1209
101	1209
101	1209
101	1209
101	1209
101	1209
101	1210
101	1210
101	1210
101	1210
101	1210
101	1210
101	1211
101	1211
101	1211
101	1211
101	1211
101	1211
101	1211
101	1212
101	1212
101	1212
101	1212
101	1212
101	1212
101	1213
101	1213
101	1213
101	1213
101	1213
101	1213
101	1214
101	1214
101	1214
101	1214
101	1214
101	1214
101	1214
101	1215
101	1215
101	1215
101	1215
101	1215
101	1215
101	1216
101	1216
101	1216
101	1216
101	1216
101	1216
101	1217
101	1217
101	1217
101	1217
101	1217
101	1217
101	1217
101	1218
101	1218
101	1218
101	1218
101	1218
101	1218
101	1219
101	1219
101	1219
101	1219
101	1219
101	1219
101	1219
101	1220
101	1220
101	1220
101	1220
101	1220
101	1220
101	1221
101	1221
101	1221
101	1221
101	1221
101	1221
101	1222
101	1222
101	1222
101	1222
101	1222
101	1222
101	1222
101	1223
101	1223
101	1223
101	1223
101	1223
101	1223
101	1224
101	1224
101	1224
101	1224
101	1224
101	1224
101	1224
101	1225
101	1225
101	1225
101	1225
101	1225
101	1225
101	1226
101	1226
101	1226
101	1226
101	1226
101	1226
101	1227
101	1227
101	1227
101	1227
101	1227
101	1227
101	1227
101	1228
101	1228
101	1228
101	1228
101	1228
101	1228
101	1229
101	1229
101	1229
101	1229
101	1229
101	1229
101	1230
101	1230
101	1230
101	1230
101	1230
101	1230
101	1230
101	1231
101	1231
101	1231
101	1231
101	1231
101	1231
101	1232
101	1232
101	1232
101	1232
101	1232
101	1232
101	1233
101	1233
101	1233
101	1233
101	1233
101	1233
101	1233
101	1234
101	1234
101	1234
101	1234
101	1234
101	1234
101	1235
101	1235
101	1235
101	1235
101	1235
101	1235
101	1235
101	1236
101	1236
101	1236
101	1236
101	1236
101	1236
101	1237
101	1237
101	1237
101	1237
101	1237
101	1237
101	1237
101	1238
101	1238
101	1238
101	1238
101	1238
101	1238
101	1239
101	1239
101	1239
101	1239
101	1239
101	1239
101	1239
101	1240
101	1240
101	1240
101	1240
101	1240
101	1240
101	1241
101	1241
101	1241
101	1241
101	1241
101	1241
101	1241
101	1242
101	1242
101	1242
101	1242
101	1242
101	1242
101	1243
101	1243
101	1243
101	1243
101	1243
101	1243
101	1243
101	1244
101	1244
101	1244
101	1244
101	1244
101	1244
101	1245
101	1245
101	1245
101	1245
101	1245
101	1245
101	1246
101	1246
101	1246
101	1246
101	1246
101	1246
101	1246
101	1247
101	1247
101	1247
101	1247
101	1247
101	1247
101	1248
101	1248
101	1248
101	1248
101	1248
101	1248
101	1249
101	1249
101	1249
101	1249
101	1249
101	1249
101	1249
101	1250
101	1250
101	1250
101	1250
101	1250
101	1250
101	1251
101	1251
101	1251
101	1251
101	1251
101	1251
101	1251
101	1252
101	1252
101	1252
101	1252
101	1252
101	1252
101	1253
101	1253
101	1253
101	1253
101	1253
101	1253
101	1253
101	1254
101	1254
101	1254
101	1254
101	1254
101	1254
101	1255
101	1255
101	1255
101	1255
101	1255
101	1255
101	1255
101	1256
101	1256
101	1256
101	1256
101	1256
101	1256
101	1257
101	1257
101	1257
101	1257
101	1257
101	1257
101	1257
101	1258
101	1258
101	1258
101	1258
101	1258
101	1258
101	1259
101	1259
101	1259
101	1259
101	1259
101	1259
101	1259
101	1260
101	1260
101	1260
101	1260
101	1260
101	1260
101	1261
101	1261
101	1261
101	1261
101	1261
101	1261
101	1261
101	1262
101	1262
101	1262
101	1262
101	1262
101	1262
101	1263
101	1263
101	1263
101	1263
101	1263
101	1263
101	1263
101	1264
101	1264
101	1264
101	1264
101	1264
101	1264
101	1265
101	1265
101	1265
101	1265
101	1265
101	1265
101	1265
101	1266
101	1266
101	1266
101	1266
101	1266
101	1266
101	1267
101	1267
101	1267
101	1267
101	1267
101	1267
101	1268
101	1268
101	1268
101	1268
101	1268
101	1268
101	1268
101	1269
101	1269
101	1269
101	1269
101	1269
101	1269
101	1269
101	1270
101	1270
101	1270
101	1270
101	1270
101	1270
101	1271
101	1271
101	1271
101	1271
101	1271
101	1271
101	1271
101	1272
101	1272
101	1272
101	1272
101	1272
101	1272
101	1273
101	1273
101	1273
101	1273
101	1273
101	1273
101	1273
101	1274
101	1274
101	1274
101	1274
101	1274
101	1274
101	1275
101	1275
101	1275
101	1275
101	1275
101	1275
101	1276
101	1276
101	1276
101	1276
101	1276
101	1276
101	1276
101	1277
101	1277
101	1277
101	1277
101	1277
101	1277
101	1278
101	1278
101	1278
101	1278
101	1278
101	1278
101	1279
101	1279
101	1279
101	1279
101	1279
101	1279
101	1279
101	1280
101	1280
101	1280
101	1280
101	1280
101	1280
101	1281
101	1281
101	1281
101	1281
101	1281
101	1281
101	1281
101	1282
101	1282
101	1282
101	1282
101	1282
101	1282
101	1283
101	1283
101	1283
101	1283
101	1283
101	1283
101	1283
101	1284
101	1284
101	1284
101	1284
101	1284
101	1284
101	1285
101	1285
101	1285
101	1285
101	1285
101	1285
101	1285
101	1286
101	1286
101	1286
101	1286
101	1286
101	1286
101	1287
101	1287
101	1287
101	1287
101	1287
101	1287
101	1287
101	1288
101	1288
101	1288
101	1288
101	1288
101	1288
101	1289
101	1289
101	1289
101	1289
101	1289
101	1289
101	1289
101	1290
101	1290
101	1290
101	1290
101	1290
101	1290
101	1290
101	1291
101	1291
101	1291
101	1291
101	1291
101	1291
101	1292
101	1292
101	1292
101	1292
101	1292
101	1292
101	1292
101	1293
101	1293
101	1293
101	1293
101	1293
101	1293
101	1294
101	1294
101	1294
101	1294
101	1294
101	1294
101	1294
101	1295
101	1295
101	1295
101	1295
101	1295
101	1295
101	1296
101	1296
101	1296
101	1296
101	1296
101	1296
101	1297
101	1297
101	1297
101	1297
101	1297
101	1297
101	1297
101	1298
101	1298
101	1298
101	1298
101	1298
101	1298
101	1299
101	1299
101	1299
101	1299
101	1299
101	1299
101	1299
101	1300
101	1300
101	1300
101	1300
101	1300
101	1300
101	1301
101	1301
101	1301
101	1301
101	1301
101	1301
101	1301
101	1302
101	1302
101	1302
101	1302
101	1302
101	1302
101	1303
101	1303
101	1303
101	1303
101	1303
101	1303
101	1303
101	1304
101	1304
101	1304
101	1304
101	1304
101	1304
101	1304
101	1305
101	1305
101	1305
101	1305
101	1305
101	1305
101	1306
101	1306
101	1306
101	1306
101	1306
101	1306
101	1306
101	1307
101	1307
101	1307
101	1307
101	1307
101	1307
101	1308
101	1308
101	1308
101	1308
101	1308
101	1308
101	1309
101	1309
101	1309
101	1309
101	1309
101	1309
101	1309
101	1310
101	1310
101	1310
101	1310
101	1310
101	1310
101	1311
101	1311
101	1311
101	1311
101	1311
101	1311
101	1311
101	1312
101	1312
101	1312
101	1312
101	1312
101	1312
101	1313
101	1313
101	1313
101	1313
101	1313
101	1313
101	1313
101	1314
101	1314
101	1314
101	1314
101	1314
101	1314
101	1315
101	1315
101	1315
101	1315
101	1315
101	1315
101	1315
101	1316
101	1316
101	1316
101	1316
101	1316
101	1316
101	1317
101	1317
101	1317
101	1317
101	1317
101	1317
101	1317
101	1318
101	1318
101	1318
101	1318
101	1318
101	1318
101	1319
101	1319
101	1319
101	1319
101	1319
101	1319
101	1320
101	1320
101	1320
101	1320
101	1320
101	1320
101	1320
101	1321
101	1321
101	1321
101	1321
101	1321
101	1321
101	1322
101	1322
101	1322
101	1322
101	1322
101	1322
101	1322
101	1323
101	1323
101	1323
101	1323
101	1323
101	1323
101	1324
101	1324
101	1324
101	1324
101	1324
101	1324
101	1325
101	1325
101	1325
101	1325
101	1325
101	1325
101	1325
101	1326
101	1326
101	1326
101	1326
101	1326
101	1326
101	1327
101	1327
101	1327
101	1327
101	1327
101	1327
101	1327
101	1328
101	1328
101	1328
101	1328
101	1328
101	1328
101	1329
101	1329
101	1329
101	1329
101	1329
101	1329
101	1329
101	1330
101	1330
101	1330
101	1330
101	1330
101	1330
101	1331
101	1331
101	1331
101	1331
101	1331
101	1331
101	1332
101	1332
101	1332
101	1332
101	1332
101	1332
101	1332
101	1333
101	1333
101	1333
101	1333
101	1333
101	1333
101	1334
101	1334
101	1334
101	1334
101	1334
101	1334
101	1334
101	1335
101	1335
101	1335
101	1335
101	1335
101	1335
101	1336
101	1336
101	1336
101	1336
101	1336
101	1336
101	1337
101	1337
101	1337
101	1337
101	1337
101	1337
101	1337
101	1338
101	1338
101	1338
101	1338
101	1338
101	1338
101	1339
101	1339
101	1339
101	1339
101	1339
101	1339
101	1340
101	1340
101	1340
101	1340
101	1340
101	1340
101	1340
101	1341
101	1341
101	1341
101	1341
101	1341
101	1341
101	1342
101	1342
101	1342
101	1342
101	1342
101	1342
101	1342
101	1343
101	1343
101	1343
101	1343
101	1343
101	1343
101	1344
101	1344
101	1344
101	1344
101	1344
101	1344
101	1344
101	1345
101	1345
101	1345
101	1345
101	1345
101	1345
101	1346
101	1346
101	1346
101	1346
101	1346
101	1346
101	1346
101	1347
101	1347
101	1347
101	1347
101	1347
101	1347
101	1348
101	1348
101	1348
101	1348
101	1348
101	1348
101	1348
101	1349
101	1349
101	1349
101	1349
101	1349
101	1349
101	1350
101	1350
101	1350
101	1350
101	1350
101	1350
101	1350
101	1351
101	1351
101	1351
101	1351
101	1351
101	1351
101	1352
101	1352
101	1352
101	1352
101	1352
101	1352
101	1352
101	1353
101	1353
101	1353
101	1353
101	1353
101	1353
101	1354
101	1354
101	1354
101	1354
101	1354
101	1354
101	1354
101	1355
101	1355
101	1355
101	1355
101	1355
101	1355
101	1355
101	1356
101	1356
101	1356
101	1356
101	1356
101	1356
101	1357
101	1357
101	1357
101	1357
101	1357
101	1357
101	1357
101	1358
101	1358
101	1358
101	1358
101	1358
101	1358
101	1359
101	1359
101	1359
101	1359
101	1359
101	1359
101	1359
101	1360
101	1360
101	1360
101	1360
101	1360
101	1360
101	1361
101	1361
101	1361
101	1361
101	1361
101	1361
101	1362
101	1362
101	1362
101	1362
101	1362
101	1362
101	1362
101	1363
101	1363
101	1363
101	1363
101	1363
101	1363
101	1364
101	1364
101	1364
101	1364
101	1364
101	1364
101	1364
101	1365
101	1365
101	1365
101	1365
101	1365
101	1365
101	1366
101	1366
101	1366
101	1366
101	1366
101	1366
101	1367
101	1367
101	1367
101	1367
101	1367
101	1367
101	1367
101	1368
101	1368
101	1368
101	1368
101	1368
101	1368
101	1369
101	1369
101	1369
101	1369
101	1369
101	1369
101	1369
101	1370
101	1370
101	1370
101	1370
101	1370
101	1370
101	1371
101	1371
101	1371
101	1371
101	1371
101	1371
101	1371
101	1372
101	1372
101	1372
101	1372
101	1372
101	1372
101	1373
101	1373
101	1373
101	1373
101	1373
101	1373
101	1373
101	1374
101	1374
101	1374
101	1374
101	1374
101	1374
101	1375
101	1375
101	1375
101	1375
101	1375
101	1375
101	1376
101	1376
101	1376
101	1376
101	1376
101	1376
101	1376
101	1377
101	1377
101	1377
101	1377
101	1377
101	1377
101	1378
101	1378
101	1378
101	1378
101	1378
101	1378
101	1378
101	1379
101	1379
101	1379
101	1379
101	1379
101	1379
101	1380
101	1380
101	1380
101	1380
101	1380
101	1380
101	1380
101	1381
101	1381
101	1381
101	1381
101	1381
101	1381
101	1382
101	1382
101	1382
101	1382
101	1382
101	1382
101	1383
101	1383
101	1383
101	1383
101	1383
101	1383
101	1383
101	1384
101	1384
101	1384
101	1384
101	1384
101	1384
101	1385
101	1385
101	1385
101	1385
101	1385
101	1385
101	1385
101	1386
101	1386
101	1386
101	1386
101	1386
101	1386
101	1387
101	1387
101	1387
101	1387
101	1387
101	1387
101	1387
101	1388
101	1388
101	1388
101	1388
101	1388
101	1388
101	1389
101	1389
101	1389
101	1389
101	1389
101	1389
101	1389
101	1390
101	1390
101	1390
101	1390
101	1390
101	1390
101	1391
101	1391
101	1391
101	1391
101	1391
101	1391
101	1391
101	1392
101	1392
101	1392
101	1392
101	1392
101	1392
101	1393
101	1393
101	1393
101	1393
101	1393
101	1393
101	1393
101	1394
101	1394
101	1394
101	1394
101	1394
101	1394
101	1395
101	1395
101	1395
101	1395
101	1395
101	1395
101	1396
101	1396
101	1396
101	1396
101	1396
101	1396
101	1396
101	1397
101	1397
101	1397
101	1397
101	1397
101	1397
101	1398
101	1398
101	1398
101	1398
101	1398
101	1398
101	1398
101	1399
101	1399
101	1399
101	1399
101	1399
101	1399
101	1400
101	1400
101	1400
101	1400
101	1400
101	1400
101	1400
101	1401
101	1401
101	1401
101	1401
101	1401
101	1401
101	1402
101	1402
101	1402
101	1402
101	1402
101	1402
101	1402
101	1403
101	1403
101	1403
101	1403
101	1403
101	1403
101	1404
101	1404
101	1404
101	1404
101	1404
101	1404
101	1404
101	1405
101	1405
101	1405
101	1405
101	1405
101	1405
101	1406
101	1406
101	1406
101	1406
101	1406
101	1406
101	1406
101	1407
101	1407
101	1407
101	1407
101	1407
101	1407
101	1408
101	1408
101	1408
101	1408
101	1408
101	1408
101	1408
101	1409
101	1409
101	1409
101	1409
101	1409
101	1409
101	1410
101	1410
101	1410
101	1410
101	1410
101	1410
101	1410
101	1411
101	1411
101	1411
101	1411
101	1411
101	1411
101	1411
101	1412
101	1412
101	1412
101	1412
101	1412
101	1412
101	1413
101	1413
101	1413
101	1413
101	1413
101	1413
101	1414
101	1414
101	1414
101	1414
101	1414
101	1414
101	1414
101	1415
101	1415
101	1415
101	1415
101	1415
101	1415
101	1415
101	1416
101	1416
101	1416
101	1416
101	1416
101	1416
101	1417
101	1417
101	1417
101	1417
101	1417
101	1417
101	1418
101	1418
101	1418
101	1418
101	1418
101	1418
101	1418
101	1419
101	1419
101	1419
101	1419
101	1419
101	1419
101	1420
101	1420
101	1420
101	1420
101	1420
101	1420
101	1420
101	1421
101	1421
101	1421
101	1421
101	1421
101	1421
101	1422
101	1422
101	1422
101	1422
101	1422
101	1422
101	1422
101	1423
101	1423
101	1423
101	1423
101	1423
101	1423
101	1424
101	1424
101	1424
101	1424
101	1424
101	1424
101	1424
101	1425
101	1425
101	1425
101	1425
101	1425
101	1425
101	1426
101	1426
101	1426
101	1426
101	1426
101	1426
101	1426
101	1427
101	1427
101	1427
101	1427
101	1427
101	1427
101	1428
101	1428
101	1428
101	1428
101	1428
101	1428
101	1428
101	1429
101	1429
101	1429
101	1429
101	1429
101	1429
101	1430
101	1430
101	1430
101	1430
101	1430
101	1430
101	1431
101	1431
101	1431
101	1431
101	1431
101	1431
101	1431
101	1432
101	1432
101	1432
101	1432
101	1432
101	1432
101	1433
101	1433
101	1433
101	1433
101	1433
101	1433
101	1433
101	1434
101	1434
101	1434
101	1434
101	1434
101	1434
101	1435
101	1435
101	1435
101	1435
101	1435
101	1435
101	1435
101	1436
101	1436
101	1436
101	1436
101	1436
101	1436
101	1437
101	1437
101	1437
101	1437
101	1437
101	1437
101	1437
101	1438
101	1438
101	1438
101	1438
101	1438
101	1438
101	1439
101	1439
101	1439
101	1439
101	1439
101	1439
101	1439
101	1440
101	1440
101	1440
101	1440
101	1440
101	1440
101	1441
101	1441
101	1441
101	1441
101	1441
101	1441
101	1441
101	1442
101	1442
101	1442
101	1442
101	1442
101	1442
101	1443
101	1443
101	1443
101	1443
101	1443
101	1443
101	1444
101	1444
101	1444
101	1444
101	1444
101	1444
101	1444
101	1445
101	1445
101	1445
101	1445
101	1445
101	1445
101	1446
101	1446
101	1446
101	1446
101	1446
101	1446
101	1446
101	1447
101	1447
101	1447
101	1447
101	1447
101	1447
101	1448
101	1448
101	1448
101	1448
101	1448
101	1448
101	1448
101	1449
101	1449
101	1449
101	1449
101	1449
101	1449
101	1450
101	1450
101	1450
101	1450
101	1450
101	1450
101	1450
101	1451
101	1451
101	1451
101	1451
101	1451
101	1451
101	1452
101	1452
101	1452
101	1452
101	1452
101	1452
101	1452
101	1453
101	1453
101	1453
101	1453
101	1453
101	1453
101	1454
101	1454
101	1454
101	1454
101	1454
101	1454
101	1454
101	1455
101	1455
101	1455
101	1455
101	1455
101	1455
101	1456
101	1456
101	1456
101	1456
101	1456
101	1456
101	1457
101	1457
101	1457
101	1457
101	1457
101	1457
101	1457
101	1458
101	1458
101	1458
101	1458
101	1458
101	1458
101	1459
101	1459
101	1459
101	1459
101	1459
101	1459
101	1459
101	1460
101	1460
101	1460
101	1460
101	1460
101	1460
101	1461
101	1461
101	1461
101	1461
101	1461
101	1461
101	1461
101	1462
101	1462
101	1462
101	1462
101	1462
101	1462
101	1463
101	1463
101	1463
101	1463
101	1463
101	1463
101	1463
101	1464
101	1464
101	1464
101	1464
101	1464
101	1464
101	1464
101	1465
101	1465
101	1465
101	1465
101	1465
101	1465
101	1466
101	1466
101	1466
101	1466
101	1466
101	1466
101	1466
101	1467
101	1467
101	1467
101	1467
101	1467
101	1467
101	1468
101	1468
101	1468
101	1468
101	1468
101	1468
101	1468
101	1469
101	1469
101	1469
101	1469
101	1469
101	1469
101	1470
101	1470
101	1470
101	1470
101	1470
101	1470
101	1470
101	1471
101	1471
101	1471
101	1471
101	1471
101	1471
101	1472
101	1472
101	1472
101	1472
101	1472
101	1472
101	1472
101	1473
101	1473
101	1473
101	1473
101	1473
101	1473
101	1474
101	1474
101	1474
101	1474
101	1474
101	1474
101	1474
101	1475
101	1475
101	1475
101	1475
101	1475
101	1475
101	1476
101	1476
101	1476
101	1476
101	1476
101	1476
101	1476
101	1477
101	1477
101	1477
101	1477
101	1477
101	1477
101	1477
101	1478
101	1478
101	1478
101	1478
101	1478
101	1478
101	1479
101	1479
101	1479
101	1479
101	1479
101	1479
101	1479
101	1480
101	1480
101	1480
101	1480
101	1480
101	1480
101	1481
101	1481
101	1481
101	1481
101	1481
101	1481
101	1481
101	1482
101	1482
101	1482
101	1482
101	1482
101	1482
101	1483
101	1483
101	1483
101	1483
101	1483
101	1483
101	1483
101	1484
101	1484
101	1484
101	1484
101	1484
101	1484
101	1485
101	1485
101	1485
101	1485
101	1485
101	1485
101	1485
101	1486
101	1486
101	1486
101	1486
101	1486
101	1486
101	1487
101	1487
101	1487
101	1487
101	1487
101	1487
101	1487
101	1488
101	1488
101	1488
101	1488
101	1488
101	1488
101	1489
101	1489
101	1489
101	1489
101	1489
101	1489
101	1489
101	1490
101	1490
101	1490
101	1490
101	1490
101	1490
101	1491
101	1491
101	1491
101	1491
101	1491
101	1491
101	1492
101	1492
101	1492
101	1492
101	1492
101	1492
101	1492
101	1493
101	1493
101	1493
101	1493
101	1493
101	1493
101	1494
101	1494
101	1494
101	1494
101	1494
101	1494
101	1494
101	1495
101	1495
101	1495
101	1495
101	1495
101	1495
101	1496
101	1496
101	1496
101	1496
101	1496
101	1496
101	1497
101	1497
101	1497
101	1497
101	1497
101	1497
101	1497
101	1498
101	1498
101	1498
101	1498
101	1498
101	1498
101	1498
101	1499
101	1499
101	1499
101	1499
101	1499
101	1499
101	1500
101	1500
101	1500
101	1500
101	1500
101	1500
101	1501
101	1501
101	1501
101	1501
101	1501
101	1501
101	1501
101	1502
101	1502
101	1502
101	1502
101	1502
101	1502
101	1503
101	1503
101	1503
101	1503
101	1503
101	1503
101	1503
101	1504
101	1504
101	1504
101	1504
101	1504
101	1504
101	1505
101	1505
101	1505
101	1505
101	1505
101	1505
101	1505
101	1506
101	1506
101	1506
101	1506
101	1506
101	1506
101	1507
101	1507
101	1507
101	1507
101	1507
101	1507
101	1507
101	1508
101	1508
101	1508
101	1508
101	1508
101	1508
101	1509
101	1509
101	1509
101	1509
101	1509
101	1509
101	1510
101	1510
101	1510
101	1510
101	1510
101	1510
101	1510
101	1511
101	1511
101	1511
101	1511
101	1511
101	1511
101	1512
101	1512
101	1512
101	1512
101	1512
101	1512
101	1512
101	1513
101	1513
101	1513
101	1513
101	1513
101	1513
101	1514
101	1514
101	1514
101	1514
101	1514
101	1514
101	1515
101	1515
101	1515
101	1515
101	1515
101	1515
101	1516
101	1516
101	1516
101	1516
101	1516
101	1516
101	1516
101	1517
101	1517
101	1517
101	1517
101	1517
101	1517
101	1518
101	1518
101	1518
101	1518
101	1518
101	1518
101	1519
101	1519
101	1519
101	1519
101	1519
101	1519
101	1519
101	1520
101	1520
101	1520
101	1520
101	1520
101	1520
101	1521
101	1521
101	1521
101	1521
101	1521
101	1521
101	1521
101	1522
101	1522
101	1522
101	1522
101	1522
101	1522
101	1523
101	1523
101	1523
101	1523
101	1523
101	1523
101	1523
101	1524
101	1524
101	1524
101	1524
101	1524
101	1524
101	1525
101	1525
101	1525
101	1525
101	1525
101	1525
101	1526
101	1526
101	1526
101	1526
101	1526
101	1526
101	1527
101	1527
101	1527
101	1527
101	1527
101	1527
101	1528
101	1528
101	1528
101	1528
101	1529
101	1529
101	1529
101	1530
101	1530
101	1530
101	1531
101	1531
101	1531
101	1531
101	1531
101	1531
101	1532
101	1532
101	1532
101	1532
101	1532
101	1532
101	1533
101	1533
101	1533
101	1533
101	1533
101	1533
101	1534
101	1534
101	1534
101	1534
101	1534
101	1534
101	1534
101	1535
101	1535
101	1535
101	1535
101	1535
101	1535
101	1536
101	1536
101	1536
101	1536
101	1536
101	1536
101	1536
101	1537
101	1537
101	1537
101	1537
101	1537
101	1537
101	1538
101	1538
101	1538
101	1538
101	1538
101	1538
101	1539
101	1539
101	1539
101	1539
101	1539
101	1539
101	1539
101	1540
101	1540
101	1540
101	1540
101	1540
101	1540
101	1541
101	1541
101	1541
101	1541
101	1541
101	1541
101	1541
101	1542
101	1542
101	1542
101	1542
101	1542
101	1542
101	1543
101	1543
101	1543
101	1543
101	1543
101	1543
101	1543
101	1544
101	1544
101	1544
101	1544
101	1544
101	1544
101	1545
101	1545
101	1545
101	1545
101	1545
101	1545
101	1545
101	1546
101	1546
101	1546
101	1546
101	1546
101	1546
101	1546
101	1547
101	1547
101	1547
101	1547
101	1547
101	1547
101	1548
101	1548
101	1548
101	1548
101	1548
101	1548
101	1549
101	1549
101	1549
101	1549
101	1549
101	1549
101	1549
101	1550
101	1550
101	1550
101	1550
101	1550
101	1550
101	1551
101	1551
101	1551
101	1551
101	1551
101	1551
101	1551
101	1552
101	1552
101	1552
101	1552
101	1552
101	1552
101	1553
101	1553
101	1553
101	1553
101	1553
101	1553
101	1553
101	1554
101	1554
101	1554
101	1554
101	1554
101	1554
101	1554
101	1555
101	1555
101	1555
101	1555
101	1555
101	1555
101	1556
101	1556
101	1556
101	1556
101	1556
101	1556
101	1556
101	1557
101	1557
101	1557
101	1557
101	1557
101	1557
101	1557
101	1558
101	1558
101	1558
101	1558
101	1558
101	1558
101	1559
101	1559
101	1559
101	1559
101	1559
101	1559
101	1559
101	1560
101	1560
101	1560
101	1560
101	1560
101	1560
101	1561
101	1561
101	1561
101	1561
101	1561
101	1561
101	1561
101	1562
101	1562
101	1562
101	1562
101	1562
101	1562
101	1563
101	1563
101	1563
101	1563
101	1563
101	1563
101	1563
101	1564
101	1564
101	1564
101	1564
101	1564
101	1564
101	1564
101	1565
101	1565
101	1565
101	1565
101	1565
101	1565
101	1566
101	1566
101	1566
101	1566
101	1566
101	1566
101	1566
101	1567
101	1567
101	1567
101	1567
101	1567
101	1567
101	1568
101	1568
101	1568
101	1568
101	1568
101	1568
101	1568
101	1569
101	1569
101	1569
101	1569
101	1569
101	1569
101	1569
101	1570
101	1570
101	1570
101	1570
101	1570
101	1570
101	1571
101	1571
101	1571
101	1571
101	1571
101	1571
101	1571
101	1572
101	1572
101	1572
101	1572
101	1572
101	1572
101	1573
101	1573
101	1573
101	1573
101	1573
101	1573
101	1573
101	1574
101	1574
101	1574
101	1574
101	1574
101	1574
101	1575
101	1575
101	1575
101	1575
101	1575
101	1575
101	1576
101	1576
101	1576
101	1576
101	1576
101	1576
101	1577
101	1577
101	1577
101	1577
101	1577
101	1577
101	1577
101	1578
101	1578
101	1578
101	1578
101	1578
101	1578
101	1579
101	1579
101	1579
101	1579
101	1579
101	1579
101	1580
101	1580
101	1580
101	1580
101	1580
101	1580
101	1580
101	1581
101	1581
101	1581
101	1581
101	1581
101	1581
101	1582
101	1582
101	1582
101	1582
101	1582
101	1582
101	1582
101	1583
101	1583
101	1583
101	1583
101	1583
101	1583
101	1584
101	1584
101	1584
101	1584
101	1584
101	1584
101	1584
101	1585
101	1585
101	1585
101	1585
101	1585
101	1585
101	1585
101	1586
101	1586
101	1586
101	1586
101	1586
101	1586
101	1587
101	1587
101	1587
101	1587
101	1587
101	1587
101	1587
101	1588
101	1588
101	1588
101	1588
101	1588
101	1588
101	1588
101	1589
101	1589
101	1589
101	1589
101	1589
101	1589
101	1590
101	1590
101	1590
101	1590
101	1590
101	1590
101	1590
101	1591
101	1591
101	1591
101	1591
101	1591
101	1591
101	1591
101	1592
101	1592
101	1592
101	1592
101	1592
101	1592
101	1593
101	1593
101	1593
101	1593
101	1593
101	1593
101	1593
101	1594
101	1594
101	1594
101	1594
101	1594
101	1594
101	1595
101	1595
101	1595
101	1595
101	1595
101	1595
101	1595
101	1596
101	1596
101	1596
101	1596
101	1596
101	1596
101	1597
101	1597
101	1597
101	1597
101	1597
101	1597
101	1597
101	1598
101	1598
101	1598
101	1598
1598 seconds, 10000 generations
=====================
