=====================
K = 30
BestFitness	Seconds
4	1
3	1
3	2
3	2
3	2
3	3
3	3
3	3
3	3
3	4
3	4
3	4
3	5
2	5
2	5
2	5
1	6
1	6
1	6
1	7
1	7
1	7
1	7
1	8
1	8
1	8
1	9
1	9
1	9
1	9
1	10
1	10
1	10
1	10
1	11
1	11
1	11
1	12
1	12
1	12
1	12
1	13
1	13
1	13
1	13
1	14
1	14
0	14
14 seconds, 48 generations
=====================
=====================
K = 29
BestFitness	Seconds
8	1
8	1
7	1
6	2
6	2
5	2
5	3
5	3
4	3
4	4
4	4
4	4
4	5
4	5
4	5
4	5
4	6
4	6
4	6
4	7
4	7
4	7
4	8
4	8
4	8
4	9
4	9
4	9
4	9
3	10
3	10
3	10
3	11
3	11
3	11
3	11
3	12
3	12
3	12
3	13
3	13
3	13
3	14
3	14
3	14
3	14
3	15
2	15
2	15
2	16
2	16
2	16
2	16
2	17
2	17
2	17
2	18
2	18
2	18
2	18
2	19
2	19
2	19
2	20
2	20
2	20
2	20
2	21
2	21
2	21
2	22
2	22
2	22
2	22
2	23
2	23
2	23
2	24
2	24
2	24
2	24
2	25
2	25
2	25
2	26
2	26
2	26
2	26
2	27
2	27
2	27
2	28
2	28
2	28
2	29
2	29
2	29
2	29
2	30
2	30
2	30
2	31
2	31
2	31
2	31
1	32
1	32
1	32
1	32
1	33
1	33
1	33
1	34
1	34
1	34
1	34
1	35
1	35
1	35
1	36
1	36
1	36
1	36
1	37
1	37
1	37
1	38
1	38
1	38
1	38
1	39
1	39
1	39
1	40
1	40
1	40
1	40
1	41
1	41
1	41
1	42
1	42
1	42
1	42
1	43
1	43
1	43
1	44
1	44
1	44
1	44
1	45
1	45
1	45
1	45
1	46
1	46
1	46
1	47
1	47
1	47
1	47
1	48
1	48
1	48
1	48
1	49
1	49
1	49
1	50
1	50
1	50
1	50
1	51
1	51
1	51
1	52
1	52
1	52
1	52
1	53
1	53
1	53
1	53
1	54
1	54
1	54
1	55
1	55
1	55
1	55
1	56
1	56
1	56
1	57
1	57
1	57
1	57
1	58
1	58
1	58
1	59
1	59
1	59
1	59
1	60
1	60
1	60
1	60
1	61
1	61
1	61
1	62
1	62
1	62
1	62
1	63
1	63
1	63
1	63
1	64
1	64
1	64
1	65
1	65
1	65
1	65
1	66
1	66
1	66
1	67
1	67
1	67
1	67
1	68
1	68
1	68
1	69
1	69
1	69
1	69
1	70
1	70
1	70
1	70
1	71
1	71
1	71
1	72
1	72
1	72
1	72
1	73
1	73
1	73
1	74
1	74
1	74
1	74
1	75
1	75
1	75
1	76
1	76
1	76
1	76
1	77
1	77
1	77
1	77
1	78
1	78
0	78
78 seconds, 273 generations
=====================
=====================
K = 28
BestFitness	Seconds
9	1
9	1
8	2
8	2
8	2
8	3
8	3
8	3
8	4
4	4
4	4
4	5
4	5
4	5
4	6
4	6
4	6
4	7
4	7
4	7
4	8
4	8
4	8
4	9
4	9
4	9
4	10
4	10
4	10
4	11
4	11
4	11
4	11
4	12
4	12
4	12
4	13
4	13
4	13
4	14
4	14
4	14
4	15
4	15
4	15
4	16
4	16
4	16
4	16
4	17
4	17
4	17
4	18
4	18
4	18
4	19
4	19
4	19
4	20
4	20
4	20
4	20
4	21
4	21
4	21
4	22
4	22
4	22
4	23
4	23
4	23
4	23
4	24
4	24
3	24
3	25
3	25
3	25
3	26
3	26
3	26
3	26
3	27
3	27
3	27
3	28
3	28
3	28
3	29
3	29
3	29
3	29
3	30
3	30
3	30
3	31
3	31
3	31
3	32
3	32
3	32
2	32
2	33
2	33
2	33
2	34
2	34
2	34
2	35
2	35
2	35
2	35
2	36
2	36
2	36
2	37
2	37
2	37
2	37
2	38
2	38
2	38
2	39
2	39
2	39
2	39
2	40
2	40
2	40
2	41
2	41
2	41
2	42
2	42
2	42
2	42
2	43
2	43
2	43
2	44
2	44
2	44
2	44
2	45
2	45
2	45
2	46
2	46
2	46
2	46
2	47
2	47
2	47
2	48
2	48
2	48
2	48
2	49
2	49
2	49
2	50
2	50
2	50
2	50
2	51
2	51
2	51
2	52
2	52
2	52
2	52
2	53
2	53
2	53
2	54
2	54
2	54
2	55
2	55
2	55
2	55
2	56
2	56
2	56
2	57
2	57
2	57
2	57
2	58
2	58
2	58
2	59
2	59
2	59
2	60
2	60
2	60
2	60
2	61
2	61
2	61
2	62
2	62
2	62
2	62
2	63
2	63
2	63
2	64
2	64
2	64
1	64
1	65
1	65
1	65
1	66
1	66
1	66
1	66
1	67
1	67
1	67
1	68
1	68
1	68
1	68
1	69
1	69
1	69
1	70
1	70
1	70
1	70
1	71
1	71
1	71
1	72
1	72
1	72
1	72
1	73
1	73
1	73
1	74
1	74
1	74
1	74
1	75
1	75
1	75
1	76
1	76
1	76
1	76
1	77
1	77
1	77
1	78
1	78
1	78
1	78
1	79
1	79
1	79
1	80
1	80
1	80
1	80
1	81
1	81
1	81
1	81
1	82
1	82
1	82
1	83
1	83
1	83
1	83
1	84
1	84
1	84
1	85
1	85
1	85
1	85
1	86
1	86
1	86
1	87
1	87
1	87
1	87
1	88
1	88
1	88
1	89
1	89
1	89
1	89
1	90
1	90
1	90
1	90
1	91
1	91
1	91
1	92
1	92
1	92
1	92
1	93
1	93
1	93
1	93
1	94
1	94
1	94
1	95
1	95
1	95
1	95
1	96
1	96
1	96
1	97
1	97
1	97
1	97
1	98
1	98
1	98
1	98
1	99
1	99
1	99
1	100
1	100
1	100
1	100
1	101
1	101
1	101
1	101
1	102
1	102
1	102
1	103
1	103
0	103
103 seconds, 350 generations
=====================
=====================
K = 27
BestFitness	Seconds
17	1
15	1
15	2
14	2
14	2
10	3
10	3
10	4
10	4
10	4
4	5
4	5
4	5
4	6
4	6
4	6
4	7
4	7
4	7
4	8
4	8
4	9
4	9
4	9
4	10
4	10
4	10
4	11
4	11
4	11
4	12
4	12
4	12
4	13
4	13
4	13
4	14
4	14
4	14
4	15
4	15
4	15
4	16
4	16
4	17
4	17
4	17
4	18
4	18
4	18
4	19
4	19
4	19
4	20
4	20
4	20
4	21
4	21
4	21
4	22
4	22
4	22
4	23
4	23
4	23
4	24
4	24
4	24
4	25
4	25
4	25
4	26
4	26
4	26
4	27
4	27
4	27
4	28
4	28
4	28
4	29
4	29
4	29
4	30
4	30
4	30
4	31
4	31
4	31
4	31
4	32
4	32
4	32
4	33
4	33
4	33
4	34
4	34
4	34
4	35
4	35
4	35
4	36
4	36
4	36
4	37
4	37
4	37
4	38
4	38
4	38
4	39
4	39
4	39
4	40
4	40
4	40
4	41
4	41
4	41
4	42
4	42
4	42
4	43
4	43
4	43
4	44
4	44
4	44
4	44
4	45
4	45
4	45
4	46
4	46
4	46
4	47
4	47
4	47
4	48
4	48
4	48
4	49
4	49
4	49
4	50
4	50
4	50
4	51
4	51
4	51
4	52
4	52
4	52
4	53
4	53
4	53
4	54
4	54
4	54
4	55
4	55
4	55
4	56
4	56
4	56
4	57
4	57
4	57
4	58
4	58
4	58
4	59
4	59
4	59
4	59
4	60
4	60
4	60
4	61
4	61
4	61
4	62
4	62
4	62
4	63
4	63
4	63
4	64
4	64
4	64
4	65
4	65
4	65
4	66
4	66
4	66
4	67
4	67
4	67
4	67
4	68
4	68
4	68
4	69
4	69
4	69
4	70
4	70
4	70
4	71
4	71
4	71
4	72
4	72
4	72
4	73
4	73
4	73
4	74
4	74
4	74
4	75
4	75
4	75
4	76
4	76
4	76
4	77
4	77
4	77
4	78
4	78
4	78
4	79
4	79
4	79
4	80
4	80
4	80
4	81
4	81
4	81
4	82
4	82
4	82
4	83
4	83
4	83
4	84
4	84
4	84
4	85
4	85
4	85
4	86
4	86
4	86
4	86
4	87
4	87
4	87
4	88
4	88
4	88
4	89
4	89
4	89
4	90
4	90
4	90
4	91
4	91
4	91
4	92
4	92
4	92
4	93
4	93
4	93
4	94
4	94
4	94
4	95
4	95
4	95
4	96
4	96
4	96
4	97
4	97
4	97
4	97
4	98
4	98
4	98
4	99
4	99
4	99
4	100
4	100
4	100
4	101
4	101
4	101
4	102
4	102
4	102
4	102
4	103
4	103
4	103
4	104
4	104
4	104
4	105
4	105
4	105
4	106
4	106
4	106
4	106
4	107
4	107
4	107
4	108
4	108
4	108
4	109
4	109
3	109
3	110
3	110
3	110
3	110
3	111
3	111
3	111
3	112
3	112
3	112
3	113
3	113
3	113
3	113
3	114
3	114
3	114
3	115
3	115
3	115
3	116
3	116
3	116
3	117
3	117
3	117
3	118
3	118
3	118
3	119
3	119
3	119
3	120
3	120
3	120
3	120
3	121
3	121
3	121
3	122
3	122
3	122
3	122
3	123
3	123
3	123
3	123
3	124
3	124
3	124
3	125
3	125
3	125
3	125
3	126
3	126
3	126
3	126
3	127
3	127
3	127
3	127
3	128
3	128
3	128
3	128
3	129
3	129
3	129
3	130
3	130
3	130
3	130
3	131
3	131
3	131
3	131
3	132
3	132
3	132
3	132
3	133
3	133
3	133
3	133
3	134
2	134
2	134
2	135
2	135
2	135
2	135
2	136
2	136
2	136
2	136
2	137
2	137
2	137
2	137
2	138
2	138
2	138
2	138
2	139
2	139
2	139
2	139
2	140
2	140
2	140
2	140
2	141
2	141
2	141
2	141
2	142
2	142
2	142
2	142
2	143
2	143
2	143
2	143
2	144
2	144
2	144
2	144
2	145
2	145
2	145
2	145
2	146
2	146
2	146
2	146
2	147
2	147
2	147
2	147
2	148
1	148
1	148
1	148
1	149
1	149
1	149
1	149
1	150
1	150
1	150
1	150
1	151
1	151
1	151
1	151
1	152
1	152
1	152
1	152
1	153
0	153
153 seconds, 493 generations
=====================
=====================
K = 26
BestFitness	Seconds
20	1
15	1
15	2
15	2
15	2
15	3
15	3
15	4
15	4
15	4
15	5
15	5
15	5
15	6
15	6
13	7
13	7
13	7
13	8
13	8
13	8
13	9
13	9
13	9
12	10
12	10
12	11
12	11
12	11
12	12
12	12
12	12
12	13
12	13
12	13
12	14
12	14
12	14
12	15
12	15
12	15
12	16
12	16
12	17
12	17
11	17
11	18
11	18
11	19
11	19
11	19
11	20
11	20
11	21
11	21
11	21
11	22
11	22
11	22
11	23
11	23
11	23
11	24
11	24
11	25
11	25
11	25
11	26
11	26
11	26
11	27
11	27
11	27
11	28
11	28
11	29
11	29
11	29
11	30
11	30
9	30
9	31
9	31
9	31
9	32
9	32
9	32
9	33
9	33
9	34
9	34
9	34
9	35
9	35
9	35
9	36
9	36
9	36
9	37
9	37
9	37
9	38
9	38
9	38
9	39
9	39
9	39
9	40
9	40
9	40
9	41
9	41
9	41
9	42
9	42
9	43
9	43
9	43
9	44
9	44
9	44
9	45
9	45
9	45
9	46
9	46
7	46
7	47
7	47
7	47
7	48
7	48
7	48
7	49
7	49
7	49
7	50
7	50
7	50
7	51
7	51
7	51
7	52
7	52
7	52
7	53
7	53
7	53
7	54
7	54
7	54
7	55
7	55
7	55
7	56
7	56
7	56
7	57
7	57
7	58
7	58
7	58
7	59
7	59
7	59
7	60
7	60
7	60
7	61
7	61
7	61
7	62
7	62
7	62
7	63
7	63
7	63
7	64
7	64
7	64
7	65
7	65
7	65
7	66
7	66
7	66
7	67
7	67
7	67
7	68
7	68
7	68
7	69
7	69
7	69
7	70
7	70
7	70
7	71
7	71
7	71
7	72
7	72
7	72
7	73
7	73
7	73
7	74
7	74
7	74
7	75
7	75
7	75
7	76
7	76
7	76
7	77
7	77
7	77
7	78
7	78
7	78
7	79
7	79
7	79
7	80
7	80
7	80
7	81
7	81
7	81
7	82
7	82
7	82
7	82
7	83
7	83
7	83
7	84
7	84
7	84
7	85
7	85
7	85
7	86
7	86
7	86
7	87
7	87
7	87
7	88
7	88
7	88
7	89
7	89
7	89
7	89
7	90
7	90
7	90
7	91
7	91
7	91
7	92
7	92
7	92
7	93
7	93
7	93
7	94
7	94
6	94
6	95
6	95
6	95
6	96
6	96
6	96
6	96
6	97
6	97
6	97
6	98
6	98
6	98
5	99
5	99
5	99
5	100
5	100
5	100
5	101
5	101
5	101
5	101
5	102
5	102
5	102
5	103
5	103
5	103
5	104
5	104
5	104
5	105
5	105
5	105
5	105
5	106
5	106
5	106
5	107
5	107
5	107
5	108
5	108
5	108
5	108
5	109
5	109
5	109
5	110
5	110
5	110
5	111
5	111
5	111
5	111
5	112
5	112
5	112
5	113
5	113
5	113
5	113
5	114
5	114
4	114
4	115
4	115
4	115
4	116
4	116
4	116
4	116
4	117
3	117
3	117
3	118
3	118
3	118
3	118
3	119
3	119
3	119
3	120
3	120
3	120
3	120
3	121
3	121
3	121
3	122
3	122
3	122
3	122
3	123
3	123
3	123
3	124
3	124
3	124
3	124
3	125
3	125
3	125
3	126
3	126
3	126
3	126
3	127
3	127
3	127
3	127
3	128
3	128
3	128
3	129
3	129
3	129
3	129
3	130
3	130
3	130
3	131
3	131
3	131
3	131
3	132
3	132
3	132
3	132
3	133
3	133
3	133
3	133
3	134
3	134
3	134
3	135
3	135
3	135
3	135
3	136
3	136
3	136
3	136
3	137
3	137
3	137
1	137
1	138
1	138
1	138
1	138
1	139
1	139
1	139
1	139
1	140
1	140
1	140
1	140
1	141
1	141
1	141
1	141
1	142
1	142
1	142
1	143
1	143
1	143
1	143
1	144
1	144
1	144
1	144
1	145
1	145
1	145
1	145
1	145
1	146
1	146
1	146
1	146
1	147
1	147
1	147
1	147
1	148
1	148
1	148
1	148
1	149
1	149
1	149
1	149
1	150
1	150
1	150
1	150
1	151
1	151
1	151
1	151
1	152
1	152
1	152
1	152
1	153
1	153
1	153
1	153
1	153
1	154
1	154
1	154
1	154
1	155
1	155
1	155
1	155
1	156
1	156
1	156
1	156
1	157
1	157
1	157
1	157
1	158
1	158
1	158
1	158
1	159
1	159
1	159
1	159
1	159
1	160
1	160
1	160
1	160
1	161
1	161
1	161
1	161
1	162
1	162
1	162
1	162
1	163
1	163
1	163
1	163
1	164
1	164
1	164
1	164
1	165
1	165
1	165
1	165
1	165
1	166
1	166
1	166
1	166
1	167
1	167
1	167
1	167
1	168
1	168
0	168
168 seconds, 547 generations
=====================
=====================
K = 25
BestFitness	Seconds
30	1
24	1
24	2
24	2
24	3
24	3
22	4
22	4
22	5
22	5
22	6
22	6
22	6
22	7
22	7
22	8
21	8
21	9
21	9
21	9
21	10
21	10
21	11
21	11
20	12
20	12
20	13
20	13
20	13
19	14
19	14
19	15
19	15
19	15
19	16
19	16
19	17
19	17
19	17
19	18
19	18
19	19
19	19
19	19
19	20
19	20
19	21
19	21
17	21
17	22
17	22
17	22
17	23
17	23
17	24
17	24
17	24
17	25
17	25
17	26
17	26
17	26
17	27
17	27
17	27
17	28
17	28
17	29
17	29
17	29
17	30
17	30
17	30
17	31
17	31
17	32
17	32
17	32
17	33
17	33
17	33
14	34
14	34
14	35
14	35
14	35
14	36
14	36
14	36
14	37
14	37
14	38
13	38
13	38
13	39
13	39
13	39
13	40
13	40
13	40
13	41
13	41
13	42
13	42
13	42
13	43
13	43
13	43
13	44
13	44
13	45
13	45
13	45
13	46
13	46
13	46
13	47
13	47
13	47
13	48
13	48
13	49
13	49
13	49
13	50
13	50
13	50
12	51
12	51
12	51
12	52
12	52
12	52
12	53
12	53
12	54
12	54
12	54
12	55
12	55
12	55
12	56
12	56
10	56
10	57
10	57
10	57
10	58
10	58
10	58
10	59
10	59
10	59
10	60
10	60
10	61
10	61
10	61
10	62
9	62
9	62
9	63
9	63
9	63
9	64
9	64
9	64
9	65
9	65
9	65
9	66
9	66
9	66
9	67
9	67
9	67
9	68
9	68
9	68
9	69
9	69
9	69
9	70
9	70
9	70
9	71
9	71
9	71
9	72
9	72
9	72
9	73
9	73
9	73
9	74
9	74
9	74
9	75
9	75
9	75
9	75
9	76
9	76
9	76
9	77
9	77
9	77
6	78
6	78
6	78
6	79
6	79
6	79
6	80
6	80
6	80
6	81
6	81
6	81
6	82
6	82
6	82
6	83
6	83
6	83
6	83
6	84
6	84
6	84
6	85
6	85
6	85
6	86
6	86
6	86
6	87
6	87
6	87
6	87
6	88
6	88
6	88
6	89
6	89
6	89
6	90
6	90
6	90
6	91
6	91
6	91
6	91
6	92
6	92
6	92
6	93
6	93
6	93
6	94
6	94
6	94
6	94
6	95
6	95
6	95
6	96
6	96
6	96
6	97
6	97
6	97
6	97
6	98
6	98
6	98
6	99
5	99
5	99
5	100
5	100
5	100
5	100
5	101
5	101
5	101
5	102
5	102
5	102
5	103
5	103
5	103
5	103
5	104
5	104
5	104
5	105
5	105
5	105
5	106
5	106
5	106
5	106
5	107
5	107
5	107
5	108
5	108
5	108
5	109
5	109
5	109
5	109
5	110
5	110
5	110
5	111
5	111
5	111
5	112
5	112
5	112
5	112
5	113
5	113
5	113
5	114
5	114
5	114
5	114
5	115
5	115
5	115
5	116
5	116
5	116
5	117
5	117
5	117
5	117
5	118
5	118
5	118
5	119
5	119
5	119
5	119
5	120
5	120
5	120
5	121
5	121
5	121
5	122
5	122
5	122
5	122
5	123
5	123
5	123
5	124
5	124
5	124
5	124
5	125
5	125
5	125
5	126
5	126
5	126
5	126
5	127
5	127
5	127
5	128
5	128
5	128
5	128
5	129
5	129
5	129
5	129
5	130
5	130
5	130
5	131
5	131
5	131
5	131
4	132
4	132
4	132
4	133
4	133
4	133
4	133
4	134
4	134
4	134
4	135
4	135
4	135
4	135
4	136
4	136
4	136
4	136
4	137
4	137
4	137
4	138
4	138
4	138
4	138
4	139
4	139
4	139
4	139
4	140
4	140
4	140
4	140
4	141
4	141
4	141
4	142
4	142
4	142
4	142
4	143
4	143
4	143
4	143
4	144
4	144
4	144
3	144
3	145
3	145
3	145
3	145
3	146
3	146
3	146
3	147
3	147
3	147
3	147
3	148
3	148
3	148
3	148
3	149
3	149
3	149
3	149
3	150
3	150
3	150
3	150
3	151
3	151
3	151
3	151
3	152
3	152
3	152
3	152
3	153
3	153
3	153
3	153
3	154
3	154
3	154
3	154
3	155
3	155
3	155
3	155
3	156
3	156
3	156
3	156
3	156
3	157
3	157
3	157
3	157
3	158
3	158
3	158
3	158
3	159
3	159
3	159
3	159
3	160
3	160
3	160
3	160
3	161
3	161
3	161
3	161
2	162
2	162
2	162
2	162
2	162
1	163
1	163
1	163
1	163
1	164
1	164
1	164
1	164
1	165
1	165
1	165
1	165
1	166
1	166
1	166
1	166
1	167
1	167
1	167
1	167
1	167
1	168
1	168
1	168
1	168
1	169
1	169
1	169
1	169
1	170
1	170
1	170
1	170
1	170
1	171
1	171
1	171
1	171
1	172
1	172
1	172
1	172
1	173
1	173
1	173
1	173
1	173
1	174
1	174
1	174
1	174
1	175
1	175
1	175
1	175
1	176
1	176
1	176
1	176
1	176
1	177
1	177
1	177
1	177
1	178
1	178
1	178
1	178
1	178
1	179
1	179
1	179
1	179
1	180
1	180
1	180
1	180
1	180
1	181
1	181
1	181
1	181
1	182
1	182
1	182
1	182
1	182
1	183
1	183
1	183
1	183
1	184
1	184
1	184
1	184
1	184
1	185
1	185
1	185
1	185
1	186
1	186
1	186
1	186
1	186
1	187
1	187
1	187
1	187
1	188
1	188
1	188
1	188
1	188
1	189
1	189
1	189
1	189
1	190
1	190
1	190
1	190
1	190
1	191
1	191
1	191
1	191
1	191
1	192
1	192
1	192
1	192
1	193
1	193
1	193
1	193
1	193
1	194
1	194
1	194
1	194
1	195
1	195
1	195
1	195
1	195
1	196
1	196
1	196
1	196
1	196
1	197
1	197
1	197
1	197
1	198
1	198
1	198
1	198
1	198
1	199
1	199
1	199
1	199
1	199
1	200
1	200
1	200
1	200
1	201
1	201
1	201
1	201
1	201
1	202
1	202
1	202
1	202
1	202
1	203
1	203
1	203
1	203
1	204
1	204
1	204
1	204
1	204
1	205
1	205
1	205
1	205
1	205
1	206
1	206
1	206
1	206
1	206
1	207
1	207
1	207
1	207
1	208
1	208
1	208
1	208
1	208
1	209
1	209
1	209
1	209
1	209
1	210
0	210
210 seconds, 723 generations
=====================
=====================
K = 24
BestFitness	Seconds
36	1
36	2
35	2
35	2
33	3
33	3
33	4
33	4
32	5
32	5
32	6
27	6
27	7
27	7
27	8
27	8
27	8
27	9
27	9
27	10
27	10
27	11
27	11
27	12
27	12
27	12
27	13
24	13
24	14
24	14
24	15
24	15
24	16
24	16
24	16
24	17
24	17
24	18
24	18
24	19
24	19
24	19
23	20
23	20
23	21
23	21
23	21
23	22
23	22
23	23
21	23
21	23
21	24
21	24
21	25
21	25
21	25
21	26
21	26
20	27
20	27
20	27
20	28
20	28
20	29
20	29
20	29
20	30
20	30
20	31
20	31
20	31
20	32
20	32
20	32
20	33
20	33
20	34
20	34
14	34
14	35
14	35
14	36
14	36
14	36
14	37
14	37
14	37
14	38
14	38
14	39
14	39
14	39
14	40
14	40
14	40
14	41
14	41
14	42
14	42
14	42
14	43
14	43
14	43
14	44
14	44
14	44
14	45
14	45
14	46
14	46
14	46
14	47
14	47
14	47
14	48
14	48
14	48
14	49
14	49
14	49
14	50
14	50
14	50
14	51
14	51
14	51
14	52
13	52
13	52
13	53
13	53
13	53
13	54
13	54
13	55
13	55
13	55
13	56
13	56
13	56
12	57
12	57
12	57
12	58
11	58
11	58
11	59
11	59
11	59
11	60
11	60
11	60
11	61
11	61
11	61
11	62
11	62
11	62
11	63
11	63
11	63
11	63
11	64
10	64
10	64
10	65
10	65
10	65
10	66
10	66
10	66
10	67
10	67
10	67
8	67
8	68
8	68
8	68
8	69
8	69
8	69
8	70
8	70
8	70
8	70
8	71
8	71
8	71
8	72
8	72
8	72
8	72
8	73
7	73
7	73
7	74
7	74
7	74
7	74
7	75
7	75
7	75
7	75
7	76
6	76
6	76
6	77
6	77
6	77
6	77
6	78
6	78
6	78
6	78
6	79
6	79
6	79
6	79
6	80
6	80
6	80
6	80
6	81
6	81
6	81
6	81
6	82
6	82
6	82
6	82
6	83
6	83
5	83
5	83
5	84
5	84
5	84
5	84
5	85
5	85
5	85
5	85
5	86
5	86
5	86
4	86
4	86
4	87
4	87
4	87
4	87
4	88
4	88
4	88
4	88
2	89
2	89
2	89
2	89
2	89
2	90
2	90
2	90
2	90
2	91
2	91
2	91
2	91
2	92
2	92
2	92
2	92
2	92
2	93
2	93
2	93
2	93
2	94
2	94
2	94
2	94
2	94
2	95
2	95
2	95
2	95
2	96
2	96
2	96
2	96
2	96
2	97
2	97
2	97
2	97
2	98
2	98
1	98
1	98
1	98
1	99
1	99
1	99
1	99
1	99
1	100
1	100
1	100
1	100
1	100
1	101
1	101
1	101
1	101
1	102
1	102
1	102
1	102
1	102
1	103
1	103
1	103
1	103
1	103
1	104
1	104
1	104
1	104
1	104
1	105
1	105
1	105
1	105
1	105
1	106
1	106
1	106
1	106
1	106
1	107
1	107
0	107
107 seconds, 343 generations
=====================
=====================
K = 23
BestFitness	Seconds
52	1
50	2
48	2
45	3
45	3
44	4
43	4
39	5
39	5
39	6
39	6
39	7
39	7
39	8
39	8
39	9
39	10
39	10
39	11
39	11
39	12
39	12
39	13
39	13
39	13
39	14
38	14
38	15
38	15
38	16
38	16
38	17
38	17
38	18
33	18
33	19
33	19
33	20
33	20
33	21
33	21
33	22
33	22
33	23
33	23
33	24
33	24
33	25
33	25
33	26
33	26
33	27
33	27
33	28
33	28
33	28
33	29
33	29
33	30
33	30
33	31
32	31
27	32
27	32
27	33
27	33
27	34
27	34
27	35
27	35
27	35
27	36
27	36
27	37
27	37
27	38
27	38
27	39
27	39
27	40
27	40
27	40
27	41
27	41
25	42
25	42
25	43
23	43
23	43
23	44
23	44
23	45
23	45
23	45
23	46
23	46
20	47
20	47
20	47
20	48
20	48
20	49
15	49
13	49
13	50
13	50
13	50
13	51
13	51
13	51
13	52
13	52
12	52
10	53
10	53
8	53
8	54
8	54
7	54
7	54
7	55
7	55
7	55
7	56
5	56
5	56
5	56
5	57
5	57
5	57
1	57
1	57
1	58
1	58
1	58
1	58
1	59
1	59
1	59
1	59
1	60
1	60
1	60
1	60
1	60
1	61
1	61
1	61
1	61
1	61
1	62
1	62
1	62
1	62
1	62
1	63
1	63
1	63
1	63
1	63
1	64
1	64
1	64
0	64
64 seconds, 164 generations
=====================
=====================
K = 22
BestFitness	Seconds
67	1
59	2
59	2
59	3
58	4
53	4
53	5
53	5
53	6
53	6
50	7
50	7
50	8
47	9
47	9
47	10
47	10
47	11
47	11
47	12
47	12
47	13
47	14
47	14
45	15
45	15
45	16
45	16
45	17
45	17
45	18
45	18
45	19
44	19
44	20
44	20
44	21
44	22
44	22
41	23
41	23
41	24
41	24
41	25
41	25
41	26
41	26
41	27
41	27
41	28
41	28
41	29
41	29
41	30
41	30
41	31
41	31
41	32
41	32
41	33
41	33
41	34
41	34
41	35
41	35
41	36
41	36
41	37
41	37
41	38
41	38
41	39
41	39
41	40
41	40
41	41
41	41
41	42
41	42
41	43
41	43
41	44
41	44
40	45
40	45
40	46
40	46
39	46
38	47
38	47
38	48
38	48
37	49
35	49
35	50
35	50
35	51
35	51
35	52
35	52
35	53
35	53
35	54
35	54
35	54
35	55
35	55
35	56
35	56
35	57
35	57
33	58
33	58
32	59
32	59
32	59
32	60
32	60
32	61
32	61
32	62
32	62
32	63
32	63
32	63
30	64
30	64
30	65
30	65
30	66
28	66
28	66
28	67
28	67
26	68
26	68
26	69
26	69
26	69
26	70
26	70
26	71
26	71
26	71
26	72
26	72
25	72
25	73
25	73
22	74
21	74
21	74
21	75
18	75
18	75
18	76
17	76
15	76
15	77
15	77
15	77
15	78
15	78
15	78
15	79
15	79
14	79
12	80
12	80
12	80
11	80
11	81
11	81
10	81
10	82
10	82
10	82
9	82
9	83
9	83
9	83
9	83
6	84
6	84
6	84
6	85
6	85
6	85
6	85
6	86
6	86
6	86
6	86
6	87
6	87
6	87
6	87
6	87
6	88
6	88
6	88
3	88
3	89
3	89
3	89
3	89
3	90
3	90
3	90
3	90
3	91
3	91
3	91
3	91
3	91
3	92
3	92
3	92
3	92
3	93
3	93
3	93
3	93
3	93
3	94
3	94
3	94
3	94
3	94
3	95
3	95
3	95
3	95
3	96
3	96
2	96
2	96
2	96
2	97
2	97
2	97
2	97
1	97
1	98
1	98
1	98
1	98
1	98
1	99
1	99
1	99
1	99
1	99
1	100
1	100
1	100
1	100
1	100
1	101
1	101
1	101
1	101
1	101
1	102
1	102
1	102
1	102
1	102
1	102
1	103
1	103
1	103
1	103
1	103
1	104
1	104
1	104
1	104
1	104
1	105
1	105
1	105
1	105
1	105
1	105
1	106
1	106
1	106
1	106
1	106
1	107
1	107
1	107
1	107
1	107
0	107
107 seconds, 296 generations
=====================
=====================
K = 21
BestFitness	Seconds
82	1
77	2
73	3
73	3
73	4
73	4
73	5
73	6
73	6
71	7
69	8
69	8
69	9
69	9
69	10
69	11
69	11
61	12
61	13
61	13
61	14
61	14
61	15
61	16
61	16
61	17
61	17
61	18
61	19
61	19
61	20
61	20
61	21
61	22
61	22
61	23
61	23
61	24
61	24
61	25
61	26
61	26
57	27
57	27
57	28
57	29
54	29
54	30
54	30
54	31
54	31
54	32
54	32
54	33
54	34
54	34
54	35
54	35
54	36
54	36
54	37
54	38
54	38
52	39
52	39
52	40
52	40
48	41
48	41
48	42
48	42
48	43
48	43
40	44
40	44
40	45
40	45
40	46
40	46
38	47
38	47
38	48
38	48
38	49
36	49
36	49
36	50
36	50
36	51
34	51
33	52
33	52
32	52
32	53
32	53
32	54
32	54
32	55
32	55
32	55
32	56
32	56
32	57
31	57
31	57
31	58
28	58
28	59
28	59
26	59
26	60
26	60
26	60
26	61
26	61
26	62
26	62
24	62
24	63
24	63
24	63
24	64
24	64
24	64
24	65
22	65
22	65
18	66
18	66
17	66
17	67
17	67
17	67
17	68
12	68
12	68
12	69
12	69
10	69
10	69
10	70
10	70
10	70
9	70
9	71
6	71
6	71
6	71
6	72
4	72
4	72
4	72
1	73
1	73
1	73
1	73
1	73
0	74
74 seconds, 158 generations
=====================
=====================
K = 20
BestFitness	Seconds
102	1
102	2
100	3
92	3
92	4
88	5
88	6
88	6
88	7
88	8
88	8
88	9
88	10
88	10
85	11
83	12
83	12
83	13
82	14
82	14
82	15
78	16
78	16
78	17
78	17
78	18
78	19
78	19
78	20
78	21
78	21
75	22
75	22
75	23
75	24
74	24
66	25
66	26
66	26
66	27
66	27
66	28
66	29
66	29
66	30
61	30
61	31
61	32
60	32
60	33
60	33
60	34
50	34
50	35
50	35
50	36
50	37
50	37
48	38
48	38
48	39
41	39
41	40
40	40
35	41
35	41
30	41
27	42
27	42
22	43
16	43
12	43
12	44
6	44
6	44
4	44
2	45
2	45
1	45
1	45
1	45
0	45
45 seconds, 82 generations
=====================
=====================
K = 19
BestFitness	Seconds
125	1
124	2
123	3
119	4
117	4
113	5
113	6
112	7
112	7
103	8
103	9
103	10
103	10
103	11
103	12
103	13
103	13
103	14
103	15
103	16
103	16
103	17
101	18
101	18
101	19
101	20
101	21
101	21
93	22
93	23
93	23
93	24
93	25
93	26
93	26
93	27
93	28
93	28
93	29
93	30
93	31
93	31
93	32
93	33
93	33
93	34
93	35
93	35
93	36
93	37
93	38
93	39
93	40
93	41
93	42
93	43
93	43
93	44
93	45
93	46
93	46
93	47
92	48
92	49
92	50
92	51
92	51
92	52
85	53
85	54
85	54
85	55
85	56
85	56
85	57
85	58
80	58
80	59
80	60
80	60
78	61
78	62
78	62
68	63
68	64
64	64
64	65
64	65
64	66
64	67
56	67
56	68
56	68
56	69
56	69
50	70
48	70
44	71
44	71
38	72
35	72
33	73
33	73
32	74
30	74
23	74
23	75
20	75
18	75
18	76
15	76
12	76
10	76
5	77
3	77
3	77
3	77
3	77
1	78
1	78
1	78
0	78
78 seconds, 122 generations
=====================
=====================
K = 18
BestFitness	Seconds
151	1
151	2
151	3
144	4
142	5
137	6
137	6
137	7
136	8
134	9
134	10
134	10
134	11
133	12
133	13
133	14
128	14
128	15
128	16
128	17
128	17
127	18
127	19
126	20
119	21
119	21
119	22
119	23
119	23
114	24
114	25
114	26
114	26
111	27
110	28
107	29
102	29
101	30
97	31
97	31
97	32
96	33
96	33
88	34
88	35
86	35
74	36
74	37
74	37
74	38
73	38
73	39
69	39
64	40
64	40
59	41
46	41
46	42
40	42
35	43
24	43
24	43
14	44
9	44
9	44
5	44
5	45
4	45
1	45
0	45
45 seconds, 70 generations
=====================
=====================
K = 17
BestFitness	Seconds
185	1
180	2
180	3
180	4
178	5
173	6
173	7
168	8
163	8
163	9
163	10
163	11
163	12
162	13
154	14
154	14
154	15
153	16
153	17
153	18
153	19
146	20
146	21
137	22
129	22
129	23
129	24
129	24
129	25
128	26
117	27
116	27
115	28
111	29
106	29
96	30
83	31
83	31
74	32
74	32
60	33
53	33
39	34
32	34
18	35
3	35
3	35
3	35
1	36
0	36
36 seconds, 50 generations
=====================
=====================
K = 16
BestFitness	Seconds
224	1
222	2
221	3
213	5
213	6
213	7
213	8
209	9
207	10
207	11
207	12
207	13
195	14
195	15
191	16
191	16
191	17
191	18
191	19
191	20
191	21
187	22
172	23
172	24
172	25
172	26
172	27
172	28
170	29
170	30
166	31
165	32
158	32
148	33
147	34
147	35
143	36
143	37
140	37
132	38
130	39
114	40
107	40
106	41
92	42
92	42
64	43
45	43
45	44
42	44
18	45
10	45
10	45
6	45
5	46
2	46
2	46
2	46
2	46
2	46
2	47
2	47
2	47
2	47
2	47
2	47
2	47
2	47
2	48
2	48
2	48
2	48
2	48
2	48
2	48
2	48
2	49
2	49
2	49
2	49
2	49
2	49
2	49
2	50
2	50
2	50
2	50
2	50
2	50
2	50
2	50
2	51
2	51
2	51
2	51
2	51
2	51
2	51
2	51
2	52
2	52
2	52
2	52
2	52
2	52
2	52
2	52
2	53
2	53
2	53
2	53
2	53
2	53
2	53
2	53
2	53
2	54
2	54
2	54
2	54
2	54
2	54
2	54
2	54
2	55
2	55
2	55
2	55
2	55
2	55
2	55
2	55
2	56
2	56
2	56
2	56
2	56
2	56
2	56
2	56
2	56
2	57
2	57
2	57
2	57
2	57
2	57
2	57
2	57
2	58
2	58
2	58
2	58
2	58
2	58
2	58
2	58
2	58
2	59
2	59
2	59
2	59
2	59
2	59
2	59
2	59
2	60
2	60
2	60
2	60
2	60
2	60
2	60
2	60
2	60
2	61
2	61
2	61
2	61
2	61
2	61
2	61
2	61
2	62
2	62
2	62
2	62
2	62
2	62
2	62
2	62
2	63
2	63
2	63
2	63
2	63
2	63
2	63
2	63
2	63
2	64
2	64
2	64
2	64
2	64
2	64
2	64
2	64
2	65
2	65
2	65
2	65
2	65
2	65
2	65
2	65
2	65
2	66
2	66
2	66
2	66
2	66
2	66
2	66
2	66
2	66
2	67
2	67
2	67
2	67
2	67
2	67
2	67
2	67
2	68
2	68
2	68
2	68
2	68
2	68
2	68
2	68
2	68
2	69
2	69
2	69
2	69
2	69
2	69
2	69
2	69
2	70
2	70
2	70
2	70
2	70
2	70
2	70
2	70
2	70
2	71
2	71
2	71
2	71
2	71
2	71
2	71
2	71
2	72
2	72
2	72
2	72
2	72
2	72
2	72
2	72
2	72
2	73
2	73
2	73
2	73
2	73
2	73
2	73
2	73
2	74
2	74
2	74
2	74
2	74
2	74
2	74
2	74
2	75
2	75
2	75
2	75
2	75
2	75
2	75
2	75
2	75
2	76
2	76
2	76
2	76
2	76
2	76
2	76
2	76
2	77
2	77
2	77
2	77
2	77
2	77
2	77
2	77
2	77
2	78
2	78
2	78
2	78
2	78
2	78
2	78
2	78
2	79
2	79
2	79
2	79
2	79
2	79
2	79
2	79
2	79
2	80
2	80
2	80
2	80
2	80
2	80
2	80
2	80
2	81
2	81
2	81
2	81
2	81
2	81
2	81
2	81
2	81
2	82
2	82
2	82
2	82
2	82
2	82
2	82
2	82
2	83
2	83
2	83
2	83
2	83
2	83
2	83
2	83
2	84
2	84
2	84
2	84
2	84
2	84
2	84
2	84
2	84
2	85
2	85
2	85
2	85
2	85
2	85
2	85
2	85
2	86
2	86
2	86
2	86
2	86
2	86
2	86
2	86
2	86
2	87
2	87
2	87
2	87
2	87
2	87
2	87
2	87
2	88
2	88
2	88
2	88
2	88
2	88
2	88
2	88
2	89
2	89
2	89
2	89
2	89
2	89
2	89
2	89
2	89
2	90
2	90
2	90
2	90
2	90
2	90
2	90
2	90
2	91
2	91
2	91
2	91
2	91
2	91
2	91
2	91
2	92
2	92
2	92
2	92
2	92
2	92
2	92
2	92
2	93
2	93
2	93
2	93
2	93
2	93
2	93
2	93
2	93
2	94
2	94
2	94
2	94
2	94
2	94
2	94
2	94
2	95
2	95
2	95
2	95
2	95
2	95
2	95
2	95
2	96
2	96
2	96
2	96
2	96
2	96
2	96
2	96
2	96
2	97
2	97
2	97
2	97
2	97
2	97
2	97
2	97
2	98
2	98
2	98
2	98
2	98
2	98
2	98
2	98
2	99
2	99
2	99
2	99
2	99
2	99
2	99
2	100
2	100
2	100
2	100
2	100
2	100
2	100
2	100
2	101
2	101
2	101
2	101
2	101
2	101
2	101
2	101
2	101
2	102
2	102
2	102
2	102
2	102
2	102
2	102
2	102
2	103
2	103
2	103
2	103
2	103
2	103
2	103
2	103
2	104
2	104
2	104
2	104
2	104
2	104
2	104
2	104
2	105
2	105
2	105
2	105
2	105
2	105
2	105
2	105
2	105
2	106
2	106
2	106
2	106
2	106
2	106
2	106
2	106
2	106
2	107
2	107
2	107
2	107
2	107
2	107
2	107
2	107
2	107
2	108
2	108
2	108
2	108
2	108
2	108
2	108
2	108
2	108
2	109
2	109
2	109
2	109
2	109
2	109
2	109
2	109
2	110
2	110
2	110
2	110
2	110
2	110
2	110
2	110
2	110
2	111
2	111
2	111
2	111
2	111
2	111
2	111
2	111
2	111
2	112
2	112
2	112
2	112
2	112
2	112
2	112
2	112
2	112
2	113
2	113
2	113
2	113
2	113
2	113
2	113
2	113
2	113
2	114
2	114
2	114
2	114
2	114
2	114
2	114
2	114
2	114
2	115
2	115
2	115
2	115
2	115
2	115
2	115
2	115
2	115
2	116
2	116
2	116
2	116
2	116
2	116
2	116
2	116
2	116
2	117
2	117
2	117
2	117
2	117
2	117
2	117
2	117
2	118
2	118
2	118
2	118
2	118
2	118
2	118
2	118
2	118
2	119
2	119
2	119
2	119
2	119
2	119
2	119
2	119
2	119
2	120
2	120
2	120
2	120
2	120
2	120
2	120
2	120
2	120
2	121
2	121
2	121
2	121
2	121
2	121
2	121
2	121
2	121
2	122
2	122
2	122
2	122
2	122
2	122
2	122
2	122
2	122
2	123
2	123
2	123
2	123
2	123
2	123
2	123
2	123
2	123
2	124
2	124
2	124
2	124
2	124
2	124
2	124
2	124
2	124
2	125
2	125
2	125
2	125
2	125
2	125
2	125
2	125
2	125
2	126
2	126
2	126
2	126
2	126
2	126
2	126
2	126
2	127
2	127
2	127
2	127
2	127
2	127
2	127
2	127
2	127
2	128
2	128
2	128
2	128
2	128
2	128
2	129
2	129
2	129
2	129
2	129
2	129
2	129
2	129
2	129
2	130
2	130
2	130
2	130
2	130
2	130
2	130
2	130
2	131
2	131
2	131
2	131
2	131
2	131
2	131
2	131
2	131
2	132
2	132
2	132
2	132
2	132
2	132
2	132
2	132
2	133
2	133
2	133
2	133
2	133
2	133
2	133
2	134
2	134
2	134
2	134
2	134
2	134
2	135
2	135
2	135
2	135
2	135
2	135
2	135
2	135
2	135
2	136
2	136
2	136
2	136
2	136
2	136
2	136
2	136
2	137
2	137
2	137
2	137
2	137
2	137
2	137
2	137
2	137
2	138
2	138
2	138
2	138
2	138
2	138
2	138
2	138
2	138
2	138
2	139
2	139
2	139
2	139
2	139
2	139
2	139
2	139
2	139
2	139
2	140
2	140
2	140
2	140
2	140
2	140
2	140
2	140
2	140
2	140
2	141
2	141
2	141
2	141
2	141
2	141
2	141
2	141
2	141
2	141
2	142
2	142
2	142
2	142
2	142
2	142
2	142
2	142
2	142
2	142
2	143
2	143
2	143
2	143
2	143
2	143
2	143
2	143
2	143
2	143
2	143
2	144
2	144
2	144
2	144
2	144
2	144
2	144
2	144
2	144
2	144
2	145
2	145
2	145
2	145
2	145
2	145
2	145
2	145
2	145
2	145
2	146
2	146
2	146
2	146
2	146
2	146
2	146
2	146
2	146
2	146
2	147
2	147
2	147
2	147
2	147
2	147
2	147
2	147
2	147
2	147
2	147
2	148
2	148
2	148
2	148
2	148
2	148
2	148
2	148
2	148
2	149
2	149
2	149
2	149
2	149
2	149
2	149
2	149
2	149
2	149
2	150
2	150
2	150
2	150
2	150
2	150
2	150
2	150
2	150
2	150
2	151
2	151
2	151
2	151
2	151
2	151
2	151
2	151
2	151
2	151
2	152
2	152
2	152
2	152
2	152
2	152
2	152
2	152
2	152
2	152
2	153
2	153
2	153
2	153
2	153
2	153
2	153
2	153
2	153
2	153
2	154
2	154
2	154
2	154
2	154
2	154
2	154
2	154
2	154
2	154
2	155
2	155
2	155
2	155
2	155
2	155
2	155
2	155
2	155
2	155
2	156
2	156
2	156
2	156
2	156
2	156
2	156
2	156
2	156
2	156
2	157
2	157
2	157
2	157
2	157
2	157
2	157
2	157
2	157
2	157
2	158
2	158
2	158
2	158
2	158
2	158
2	158
2	158
2	158
2	158
2	159
2	159
2	159
2	159
2	159
2	159
2	159
2	159
2	159
2	159
2	160
2	160
2	160
2	160
2	160
2	160
2	160
2	160
2	160
2	160
2	160
2	161
2	161
2	161
2	161
2	161
2	161
2	161
2	161
2	161
2	161
2	162
2	162
2	162
2	162
2	162
2	162
2	162
2	162
2	162
2	162
2	163
2	163
2	163
2	163
2	163
2	163
2	163
2	163
2	163
2	163
2	164
2	164
2	164
2	164
2	164
2	164
2	164
2	164
2	164
2	164
2	165
2	165
2	165
2	165
2	165
2	165
2	165
2	165
2	165
2	165
2	166
2	166
2	166
2	166
2	166
2	166
2	166
2	166
2	166
2	166
2	167
2	167
2	167
2	167
2	167
2	167
2	167
2	167
2	167
2	167
2	168
2	168
2	168
2	168
2	168
2	168
2	168
2	168
2	168
2	168
2	169
2	169
2	169
2	169
2	169
2	169
2	169
2	169
2	169
2	169
2	169
2	170
2	170
2	170
2	170
2	170
2	170
2	170
2	170
2	170
2	170
2	171
2	171
2	171
2	171
2	171
2	171
2	171
2	171
2	171
2	171
2	172
2	172
2	172
2	172
2	172
2	172
2	172
2	172
2	172
2	172
2	173
2	173
2	173
2	173
2	173
2	173
2	173
2	173
2	173
2	173
2	174
2	174
2	174
2	174
2	174
2	174
2	174
2	174
2	174
2	174
2	175
2	175
2	175
2	175
2	175
2	175
2	175
2	175
2	175
2	176
2	176
2	176
2	176
2	176
2	176
2	176
2	176
2	176
2	176
2	177
2	177
2	177
2	177
2	177
2	177
2	177
2	177
2	177
2	178
2	178
2	178
2	178
2	178
2	178
2	178
2	178
2	178
2	178
2	179
2	179
2	179
2	179
2	179
2	179
2	179
2	179
2	179
2	179
2	180
2	180
2	180
2	180
2	180
2	180
2	180
2	180
2	180
2	180
2	181
2	181
2	181
2	181
2	181
2	181
2	181
2	181
2	181
2	181
2	182
2	182
2	182
2	182
2	182
2	182
2	182
2	182
2	182
2	182
2	183
2	183
2	183
2	183
2	183
2	183
2	183
2	183
2	183
2	183
2	184
2	184
2	184
2	184
2	184
2	184
2	184
2	184
2	184
2	184
2	185
2	185
2	185
2	185
2	185
2	185
2	185
2	185
2	185
2	185
2	186
2	186
2	186
2	186
2	186
2	186
2	186
2	186
2	186
2	186
2	187
2	187
2	187
2	187
2	187
2	187
2	187
2	187
2	187
2	187
2	188
2	188
2	188
2	188
2	188
2	188
2	188
2	188
2	188
2	188
2	188
2	189
2	189
2	189
2	189
2	189
2	189
2	189
2	189
2	189
2	189
2	190
2	190
2	190
2	190
2	190
2	190
2	190
2	190
2	190
2	190
2	191
2	191
2	191
2	191
2	191
2	191
2	191
2	191
2	191
2	191
2	192
2	192
2	192
2	192
2	192
2	192
2	192
2	192
2	192
2	192
2	193
2	193
2	193
2	193
2	193
2	193
2	193
2	193
2	193
2	193
2	193
2	194
2	194
2	194
2	194
2	194
2	194
2	194
2	194
2	194
2	194
2	195
2	195
2	195
2	195
2	195
2	195
2	195
2	195
2	195
2	195
2	196
2	196
2	196
2	196
2	196
2	196
2	196
2	196
2	196
2	196
2	196
2	197
2	197
2	197
2	197
2	197
2	197
2	197
2	197
2	197
2	197
2	198
2	198
2	198
2	198
2	198
2	198
2	198
2	198
2	198
2	198
2	199
2	199
2	199
2	199
2	199
2	199
2	199
2	199
2	199
2	199
2	199
2	200
2	200
2	200
2	200
2	200
2	200
2	200
2	200
2	200
2	200
2	201
2	201
2	201
2	201
2	201
2	201
2	201
2	201
2	201
2	201
2	202
2	202
2	202
2	202
2	202
2	202
2	202
2	202
2	202
2	202
2	202
2	203
2	203
2	203
2	203
2	203
2	203
2	203
2	203
2	203
2	203
2	204
2	204
2	204
2	204
2	204
2	204
2	204
2	204
2	204
2	204
2	204
2	205
2	205
2	205
2	205
2	205
2	205
2	205
2	205
2	205
2	205
2	206
2	206
2	206
2	206
2	206
2	206
2	206
2	206
2	206
2	206
2	207
2	207
2	207
2	207
2	207
2	207
2	207
2	207
2	207
2	207
2	207
2	208
2	208
2	208
2	208
2	208
2	208
2	208
2	208
2	208
2	208
2	209
2	209
2	209
2	209
2	209
2	209
2	209
2	209
2	209
2	209
2	210
2	210
2	210
2	210
2	210
2	210
2	210
2	210
2	210
2	210
2	210
2	211
2	211
2	211
2	211
2	211
2	211
2	211
2	211
2	211
2	211
2	212
2	212
2	212
2	212
2	212
2	212
2	212
2	212
2	212
2	212
2	212
2	213
2	213
2	213
2	213
2	213
2	213
2	213
2	213
2	213
2	213
2	214
2	214
2	214
2	214
2	214
2	214
2	214
2	214
2	214
2	214
2	215
2	215
2	215
2	215
2	215
2	215
2	215
2	215
2	215
2	215
2	215
2	216
2	216
2	216
2	216
2	216
2	216
2	216
2	216
2	216
2	216
2	217
2	217
2	217
2	217
2	217
2	217
2	217
2	217
2	217
2	217
2	217
2	218
2	218
2	218
2	218
2	218
2	218
2	218
2	218
2	218
2	218
2	219
2	219
2	219
2	219
2	219
2	219
2	219
2	219
2	219
2	219
2	220
2	220
2	220
2	220
2	220
2	220
2	220
2	220
2	220
2	220
2	221
2	221
2	221
2	221
2	221
2	221
2	221
2	221
2	221
2	221
2	222
2	222
2	222
2	222
2	222
2	222
2	222
2	222
2	222
2	222
2	223
2	223
2	223
2	223
2	223
2	223
2	223
2	223
2	223
2	223
2	223
2	224
2	224
2	224
2	224
2	224
2	224
2	224
2	224
2	224
2	224
2	225
2	225
2	225
2	225
2	225
2	225
2	225
2	225
2	225
2	225
2	225
2	226
2	226
2	226
2	226
2	226
2	226
2	226
2	226
2	226
2	226
2	227
2	227
2	227
2	227
2	227
2	227
2	227
2	227
2	227
2	227
2	228
2	228
2	228
2	228
2	228
2	228
2	228
2	228
2	228
2	228
2	228
2	229
2	229
2	229
2	229
2	229
2	229
2	229
2	229
2	229
2	229
2	230
2	230
2	230
2	230
2	230
2	230
2	230
2	230
2	230
2	230
2	231
2	231
2	231
2	231
2	231
2	231
2	231
2	231
2	231
2	231
2	231
2	232
2	232
2	232
2	232
2	232
2	232
2	232
2	232
2	232
2	232
2	233
2	233
2	233
2	233
2	233
2	233
2	233
2	233
2	233
2	233
2	234
2	234
2	234
2	234
2	234
2	234
2	234
2	234
2	234
2	234
2	234
2	235
2	235
2	235
2	235
2	235
2	235
2	235
2	235
2	235
2	235
2	236
2	236
2	236
2	236
2	236
2	236
2	236
2	236
2	236
2	236
2	237
2	237
2	237
2	237
2	237
2	237
2	237
2	237
2	237
2	237
2	237
2	238
2	238
2	238
2	238
2	238
2	238
2	238
2	238
2	238
2	238
2	239
2	239
2	239
2	239
2	239
2	239
2	239
2	239
2	239
2	239
2	240
2	240
2	240
2	240
2	240
2	240
2	240
2	240
2	240
2	240
2	240
2	241
2	241
2	241
2	241
2	241
2	241
2	241
2	241
2	241
2	241
2	242
2	242
2	242
2	242
2	242
2	242
2	242
2	242
2	242
2	242
2	242
2	243
2	243
2	243
2	243
2	243
2	243
2	243
2	243
2	243
2	243
2	244
2	244
2	244
2	244
2	244
2	244
2	244
2	244
2	244
2	244
2	244
2	245
2	245
2	245
2	245
2	245
2	245
2	245
2	245
2	245
2	245
2	246
2	246
2	246
2	246
2	246
2	246
2	246
2	246
2	246
2	246
2	247
2	247
2	247
2	247
2	247
2	247
2	247
2	247
2	247
2	247
2	247
2	248
2	248
2	248
2	248
2	248
2	248
2	248
2	248
2	248
2	248
2	249
2	249
2	249
2	249
2	249
2	249
2	249
2	249
2	249
2	249
2	249
2	250
2	250
2	250
2	250
2	250
2	250
2	250
2	250
2	250
2	250
2	251
2	251
2	251
2	251
2	251
2	251
2	251
2	251
2	251
2	251
2	252
2	252
2	252
2	252
2	252
2	252
2	252
2	252
2	252
2	252
2	252
2	253
253 seconds, 2000 generations
=====================
