BestFitness	Seconds	Generations
10	64	0
8	124	1
8	182	2
8	242	3
7	302	4
7	368	5
7	429	6
7	487	7
7	549	8
7	607	9
5	664	10
5	723	11
4	783	12
4	840	13
4	897	14
4	957	15
4	1020	16
4	1078	17
4	1137	18
4	1197	19
4	1256	20
4	1318	21
4	1375	22
4	1429	23
4	1487	24
4	1546	25
4	1605	26
4	1663	27
3	1720	28
3	1778	29
3	1837	30
3	1894	31
3	1952	32
3	2009	33
3	2066	34
3	2121	35
3	2178	36
3	2235	37
3	2290	38
3	2350	39
3	2406	40
3	2464	41
2	2520	42
2	2578	43
2	2635	44
2	2691	45
2	2744	46
2	2803	47
2	2860	48
2	2914	49
2	2968	50
2	3023	51
2	3075	52
2	3126	53
2	3182	54
2	3239	55
2	3298	56
2	3356	57
2	3412	58
2	3467	59
2	3526	60
2	3582	61
2	3642	62
2	3698	63
2	3751	64
2	3804	65
2	3857	66
2	3910	67
2	3967	68
2	4022	69
2	4076	70
2	4131	71
2	4186	72
2	4239	73
2	4297	74
2	4353	75
2	4408	76
2	4464	77
2	4519	78
2	4575	79
2	4631	80
1	4688	81
1	4741	82
1	4795	83
1	4849	84
1	4903	85
1	4959	86
1	5016	87
1	5072	88
1	5125	89
1	5181	90
1	5231	91
1	5286	92
1	5341	93
1	5398	94
1	5452	95
1	5507	96
1	5561	97
1	5616	98
1	5670	99
1	5724	100
1	5777	101
1	5832	102
1	5885	103
1	5942	104
1	5995	105
1	6052	106
1	6104	107
1	6158	108
1	6212	109
1	6266	110
1	6321	111
1	6377	112
1	6428	113
1	6485	114
1	6536	115
1	6589	116
1	6643	117
1	6699	118
1	6752	119
1	6805	120
1	6859	121
1	6915	122
1	6965	123
1	7017	124
1	7069	125
1	7123	126
1	7176	127
1	7230	128
1	7282	129
1	7337	130
1	7389	131
1	7445	132
1	7498	133
1	7549	134
1	7603	135
1	7654	136
1	7708	137
1	7761	138
1	7819	139
1	7874	140
1	7926	141
1	7978	142
1	8033	143
1	8084	144
1	8137	145
1	8190	146
1	8242	147
1	8293	148
1	8343	149
1	8395	150
1	8447	151
1	8500	152
1	8548	153
1	8601	154
1	8651	155
1	8703	156
1	8755	157
1	8806	158
1	8857	159
1	8908	160
1	8963	161
1	9014	162
1	9063	163
1	9111	164
1	9167	165
1	9219	166
1	9270	167
1	9319	168
1	9371	169
1	9424	170
1	9477	171
1	9529	172
1	9582	173
1	9631	174
1	9683	175
1	9733	176
1	9782	177
1	9830	178
1	9881	179
1	9928	180
1	9977	181
1	10027	182
1	10073	183
1	10120	184
1	10168	185
1	10219	186
1	10266	187
1	10314	188
1	10363	189
0	10412	190
