=====================
K = 18
BestFitness	Seconds	Generations	VertexDescentSteps
35	30	0	220743
33	58	1	217152
22	85	2	210276
16	113	3	220977
10	141	4	226288
0	166	5	224256
0 fitness, 166 seconds, 6 generations
=====================
=====================
K = 17
BestFitness	Seconds	Generations	VertexDescentSteps
69	28	0	192152
64	57	1	212372
58	83	2	186507
46	111	3	202485
0	136	4	186083
0 fitness, 136 seconds, 5 generations
=====================
=====================
K = 16
BestFitness	Seconds	Generations	VertexDescentSteps
111	26	0	177392
89	51	1	167023
79	76	2	176566
5	102	3	172845
5	126	4	163656
2	147	5	143580
1	168	6	137101
0	185	7	102460
0 fitness, 185 seconds, 8 generations
=====================
=====================
K = 15
BestFitness	Seconds	Generations	VertexDescentSteps
142	25	0	163375
138	49	1	160486
119	72	2	152011
72	95	3	150441
17	119	4	156121
13	140	5	132075
10	159	6	108018
7	174	7	76933
1	184	8	37120
1	191	9	19944
0	198	10	13192
0 fitness, 198 seconds, 11 generations
=====================
